2023-01-31 00:38:27,102 [INFO] com.example.saveUser.SaveUserApplication [restartedMain] Starting SaveUserApplication using Java 19.0.2 with PID 16448 (D:\Project\java\spring-user-management\build\classes\java\main started by ranja in D:\Project\java\spring-user-management)
2023-01-31 00:38:27,103 [DEBUG] com.example.saveUser.SaveUserApplication [restartedMain] Running with Spring Boot v3.0.2, Spring v6.0.4
2023-01-31 00:38:27,104 [INFO] com.example.saveUser.SaveUserApplication [restartedMain] No active profile set, falling back to 1 default profile: "default"
2023-01-31 00:38:27,153 [INFO] org.springframework.boot.devtools.env.DevToolsPropertyDefaultsPostProcessor [restartedMain] Devtools property defaults active! Set 'spring.devtools.add-properties' to 'false' to disable
2023-01-31 00:38:27,154 [INFO] org.springframework.boot.devtools.env.DevToolsPropertyDefaultsPostProcessor [restartedMain] For additional web related logging consider setting the 'logging.level.web' property to 'DEBUG'
2023-01-31 00:38:27,836 [INFO] org.springframework.data.repository.config.RepositoryConfigurationDelegate [restartedMain] Bootstrapping Spring Data MongoDB repositories in DEFAULT mode.
2023-01-31 00:38:27,967 [INFO] org.springframework.data.repository.config.RepositoryConfigurationDelegate [restartedMain] Finished Spring Data repository scanning in 124 ms. Found 1 MongoDB repository interfaces.
2023-01-31 00:38:28,611 [INFO] org.springframework.boot.web.embedded.tomcat.TomcatWebServer [restartedMain] Tomcat initialized with port(s): 3000 (http)
2023-01-31 00:38:28,621 [INFO] org.apache.catalina.core.StandardService [restartedMain] Starting service [Tomcat]
2023-01-31 00:38:28,622 [INFO] org.apache.catalina.core.StandardEngine [restartedMain] Starting Servlet engine: [Apache Tomcat/10.1.5]
2023-01-31 00:38:28,676 [INFO] org.apache.catalina.core.ContainerBase.[Tomcat].[localhost].[/] [restartedMain] Initializing Spring embedded WebApplicationContext
2023-01-31 00:38:28,676 [INFO] org.springframework.boot.web.servlet.context.ServletWebServerApplicationContext [restartedMain] Root WebApplicationContext: initialization completed in 1521 ms
2023-01-31 00:38:28,842 [INFO] org.mongodb.driver.cluster [cluster-ClusterId{value='63d815aca5e4193c4a3b347a', description='null'}-srv-cluster0.0ps1ymn.mongodb.net] Adding discovered server ac-gt72mmj-shard-00-00.0ps1ymn.mongodb.net:27017 to client view of cluster
2023-01-31 00:38:28,866 [INFO] org.mongodb.driver.client [restartedMain] MongoClient with metadata {"driver": {"name": "mongo-java-driver|sync|spring-boot", "version": "4.8.2"}, "os": {"type": "Windows", "name": "Windows 11", "architecture": "amd64", "version": "10.0"}, "platform": "Java/Oracle Corporation/19.0.2+7-44"} created with settings MongoClientSettings{readPreference=primary, writeConcern=WriteConcern{w=null, wTimeout=null ms, journal=null}, retryWrites=true, retryReads=true, readConcern=ReadConcern{level=null}, credential=MongoCredential{mechanism=null, userName='spacespider', source='admin', password=<hidden>, mechanismProperties=<hidden>}, streamFactoryFactory=null, commandListeners=[], codecRegistry=ProvidersCodecRegistry{codecProviders=[ValueCodecProvider{}, BsonValueCodecProvider{}, DBRefCodecProvider{}, DBObjectCodecProvider{}, DocumentCodecProvider{}, CollectionCodecProvider{}, IterableCodecProvider{}, MapCodecProvider{}, GeoJsonCodecProvider{}, GridFSFileCodecProvider{}, Jsr310CodecProvider{}, JsonObjectCodecProvider{}, BsonCodecProvider{}, EnumCodecProvider{}, com.mongodb.Jep395RecordCodecProvider@71002e4b]}, clusterSettings={hosts=[127.0.0.1:27017], srvHost=cluster0.0ps1ymn.mongodb.net, srvServiceName=mongodb, mode=MULTIPLE, requiredClusterType=REPLICA_SET, requiredReplicaSetName='atlas-13b26u-shard-0', serverSelector='null', clusterListeners='[]', serverSelectionTimeout='30000 ms', localThreshold='30000 ms'}, socketSettings=SocketSettings{connectTimeoutMS=10000, readTimeoutMS=0, receiveBufferSize=0, sendBufferSize=0}, heartbeatSocketSettings=SocketSettings{connectTimeoutMS=10000, readTimeoutMS=10000, receiveBufferSize=0, sendBufferSize=0}, connectionPoolSettings=ConnectionPoolSettings{maxSize=100, minSize=0, maxWaitTimeMS=120000, maxConnectionLifeTimeMS=0, maxConnectionIdleTimeMS=0, maintenanceInitialDelayMS=0, maintenanceFrequencyMS=60000, connectionPoolListeners=[], maxConnecting=2}, serverSettings=ServerSettings{heartbeatFrequencyMS=10000, minHeartbeatFrequencyMS=500, serverListeners='[]', serverMonitorListeners='[]'}, sslSettings=SslSettings{enabled=true, invalidHostNameAllowed=false, context=null}, applicationName='null', compressorList=[], uuidRepresentation=JAVA_LEGACY, serverApi=null, autoEncryptionSettings=null, contextProvider=null}
2023-01-31 00:38:28,879 [INFO] org.mongodb.driver.cluster [cluster-ClusterId{value='63d815aca5e4193c4a3b347a', description='null'}-srv-cluster0.0ps1ymn.mongodb.net] Adding discovered server ac-gt72mmj-shard-00-01.0ps1ymn.mongodb.net:27017 to client view of cluster
2023-01-31 00:38:28,881 [INFO] org.mongodb.driver.cluster [cluster-ClusterId{value='63d815aca5e4193c4a3b347a', description='null'}-srv-cluster0.0ps1ymn.mongodb.net] Adding discovered server ac-gt72mmj-shard-00-02.0ps1ymn.mongodb.net:27017 to client view of cluster
2023-01-31 00:38:29,083 [INFO] org.springframework.boot.devtools.autoconfigure.OptionalLiveReloadServer [restartedMain] LiveReload server is running on port 35729
2023-01-31 00:38:29,380 [INFO] org.mongodb.driver.cluster [cluster-ClusterId{value='63d815aca5e4193c4a3b347a', description='null'}-ac-gt72mmj-shard-00-00.0ps1ymn.mongodb.net:27017] Monitor thread successfully connected to server with description ServerDescription{address=ac-gt72mmj-shard-00-00.0ps1ymn.mongodb.net:27017, type=REPLICA_SET_SECONDARY, state=CONNECTED, ok=true, minWireVersion=0, maxWireVersion=13, maxDocumentSize=16777216, logicalSessionTimeoutMinutes=30, roundTripTimeNanos=283981000, setName='atlas-13b26u-shard-0', canonicalAddress=ac-gt72mmj-shard-00-00.0ps1ymn.mongodb.net:27017, hosts=[ac-gt72mmj-shard-00-01.0ps1ymn.mongodb.net:27017, ac-gt72mmj-shard-00-02.0ps1ymn.mongodb.net:27017, ac-gt72mmj-shard-00-00.0ps1ymn.mongodb.net:27017], passives=[], arbiters=[], primary='ac-gt72mmj-shard-00-01.0ps1ymn.mongodb.net:27017', tagSet=TagSet{[Tag{name='nodeType', value='ELECTABLE'}, Tag{name='provider', value='AWS'}, Tag{name='region', value='AP_SOUTH_1'}, Tag{name='workloadType', value='OPERATIONAL'}]}, electionId=null, setVersion=4, topologyVersion=TopologyVersion{processId=63d80dffe15cce74fc56473e, counter=4}, lastWriteDate=Tue Jan 31 00:38:28 IST 2023, lastUpdateTimeNanos=1138337021900}
2023-01-31 00:38:29,380 [INFO] org.mongodb.driver.cluster [cluster-ClusterId{value='63d815aca5e4193c4a3b347a', description='null'}-ac-gt72mmj-shard-00-02.0ps1ymn.mongodb.net:27017] Monitor thread successfully connected to server with description ServerDescription{address=ac-gt72mmj-shard-00-02.0ps1ymn.mongodb.net:27017, type=REPLICA_SET_SECONDARY, state=CONNECTED, ok=true, minWireVersion=0, maxWireVersion=13, maxDocumentSize=16777216, logicalSessionTimeoutMinutes=30, roundTripTimeNanos=267959400, setName='atlas-13b26u-shard-0', canonicalAddress=ac-gt72mmj-shard-00-02.0ps1ymn.mongodb.net:27017, hosts=[ac-gt72mmj-shard-00-01.0ps1ymn.mongodb.net:27017, ac-gt72mmj-shard-00-02.0ps1ymn.mongodb.net:27017, ac-gt72mmj-shard-00-00.0ps1ymn.mongodb.net:27017], passives=[], arbiters=[], primary='ac-gt72mmj-shard-00-01.0ps1ymn.mongodb.net:27017', tagSet=TagSet{[Tag{name='nodeType', value='ELECTABLE'}, Tag{name='provider', value='AWS'}, Tag{name='region', value='AP_SOUTH_1'}, Tag{name='workloadType', value='OPERATIONAL'}]}, electionId=null, setVersion=4, topologyVersion=TopologyVersion{processId=63d8101155efeecf2fb78440, counter=3}, lastWriteDate=Tue Jan 31 00:38:28 IST 2023, lastUpdateTimeNanos=1138337163400}
2023-01-31 00:38:29,380 [INFO] org.mongodb.driver.cluster [cluster-ClusterId{value='63d815aca5e4193c4a3b347a', description='null'}-ac-gt72mmj-shard-00-01.0ps1ymn.mongodb.net:27017] Monitor thread successfully connected to server with description ServerDescription{address=ac-gt72mmj-shard-00-01.0ps1ymn.mongodb.net:27017, type=REPLICA_SET_PRIMARY, state=CONNECTED, ok=true, minWireVersion=0, maxWireVersion=13, maxDocumentSize=16777216, logicalSessionTimeoutMinutes=30, roundTripTimeNanos=268089500, setName='atlas-13b26u-shard-0', canonicalAddress=ac-gt72mmj-shard-00-01.0ps1ymn.mongodb.net:27017, hosts=[ac-gt72mmj-shard-00-01.0ps1ymn.mongodb.net:27017, ac-gt72mmj-shard-00-02.0ps1ymn.mongodb.net:27017, ac-gt72mmj-shard-00-00.0ps1ymn.mongodb.net:27017], passives=[], arbiters=[], primary='ac-gt72mmj-shard-00-01.0ps1ymn.mongodb.net:27017', tagSet=TagSet{[Tag{name='nodeType', value='ELECTABLE'}, Tag{name='provider', value='AWS'}, Tag{name='region', value='AP_SOUTH_1'}, Tag{name='workloadType', value='OPERATIONAL'}]}, electionId=7fffffff00000000000000e3, setVersion=4, topologyVersion=TopologyVersion{processId=63d80effea80847d1a03e0f8, counter=6}, lastWriteDate=Tue Jan 31 00:38:28 IST 2023, lastUpdateTimeNanos=1138337149000}
2023-01-31 00:38:29,385 [INFO] org.mongodb.driver.cluster [cluster-ClusterId{value='63d815aca5e4193c4a3b347a', description='null'}-ac-gt72mmj-shard-00-01.0ps1ymn.mongodb.net:27017] Discovered replica set primary ac-gt72mmj-shard-00-01.0ps1ymn.mongodb.net:27017 with max election id 7fffffff00000000000000e3 and max set version 4
2023-01-31 00:38:29,801 [INFO] org.springframework.boot.web.embedded.tomcat.TomcatWebServer [restartedMain] Tomcat started on port(s): 3000 (http) with context path ''
2023-01-31 00:38:29,811 [INFO] com.example.saveUser.SaveUserApplication [restartedMain] Started SaveUserApplication in 3.127 seconds (process running for 3.602)
2023-01-31 00:38:34,453 [INFO] org.apache.catalina.core.ContainerBase.[Tomcat].[localhost].[/] [http-nio-3000-exec-1] Initializing Spring DispatcherServlet 'dispatcherServlet'
2023-01-31 00:38:34,453 [INFO] org.springframework.web.servlet.DispatcherServlet [http-nio-3000-exec-1] Initializing Servlet 'dispatcherServlet'
2023-01-31 00:38:34,454 [INFO] org.springframework.web.servlet.DispatcherServlet [http-nio-3000-exec-1] Completed initialization in 1 ms
2023-01-31 00:38:34,478 [TRACE] com.example.saveUser.controller.UserController [http-nio-3000-exec-1] getting all the users
2023-01-31 00:39:05,838 [TRACE] com.example.saveUser.controller.UserController [http-nio-3000-exec-3] getting all the users
2023-01-31 00:39:09,666 [TRACE] com.example.saveUser.controller.UserController [http-nio-3000-exec-4] getting all the users
2023-01-31 00:39:11,230 [TRACE] com.example.saveUser.controller.UserController [http-nio-3000-exec-5] getting all the users
2023-01-31 00:39:12,785 [TRACE] com.example.saveUser.controller.UserController [http-nio-3000-exec-6] getting all the users
2023-01-31 00:39:13,970 [TRACE] com.example.saveUser.controller.UserController [http-nio-3000-exec-7] getting all the users
2023-01-31 00:39:15,141 [TRACE] com.example.saveUser.controller.UserController [http-nio-3000-exec-8] getting all the users
2023-01-31 00:39:16,295 [TRACE] com.example.saveUser.controller.UserController [http-nio-3000-exec-9] getting all the users
2023-01-31 00:39:17,241 [TRACE] com.example.saveUser.controller.UserController [http-nio-3000-exec-10] getting all the users
2023-01-31 00:39:18,263 [TRACE] com.example.saveUser.controller.UserController [http-nio-3000-exec-2] getting all the users
2023-01-31 00:39:19,412 [TRACE] com.example.saveUser.controller.UserController [http-nio-3000-exec-1] getting all the users
2023-01-31 00:39:20,782 [TRACE] com.example.saveUser.controller.UserController [http-nio-3000-exec-3] getting all the users
2023-01-31 01:49:33,218 [INFO] org.mongodb.driver.cluster [cluster-ClusterId{value='63d815aca5e4193c4a3b347a', description='null'}-ac-gt72mmj-shard-00-02.0ps1ymn.mongodb.net:27017] Exception in monitor thread while connecting to server ac-gt72mmj-shard-00-02.0ps1ymn.mongodb.net:27017
com.mongodb.MongoSocketReadTimeoutException: Timeout while receiving message
	at com.mongodb.internal.connection.InternalStreamConnection.translateReadException(InternalStreamConnection.java:699)
	at com.mongodb.internal.connection.InternalStreamConnection.receiveMessageWithAdditionalTimeout(InternalStreamConnection.java:577)
	at com.mongodb.internal.connection.InternalStreamConnection.receiveCommandMessageResponse(InternalStreamConnection.java:413)
	at com.mongodb.internal.connection.InternalStreamConnection.receive(InternalStreamConnection.java:372)
	at com.mongodb.internal.connection.DefaultServerMonitor$ServerMonitorRunnable.lookupServerDescription(DefaultServerMonitor.java:226)
	at com.mongodb.internal.connection.DefaultServerMonitor$ServerMonitorRunnable.run(DefaultServerMonitor.java:158)
	at java.base/java.lang.Thread.run(Thread.java:1589)
Caused by: java.net.SocketTimeoutException: Read timed out
	at java.base/sun.nio.ch.NioSocketImpl.timedRead(NioSocketImpl.java:273)
	at java.base/sun.nio.ch.NioSocketImpl.implRead(NioSocketImpl.java:299)
	at java.base/sun.nio.ch.NioSocketImpl.read(NioSocketImpl.java:340)
	at java.base/sun.nio.ch.NioSocketImpl$1.read(NioSocketImpl.java:789)
	at java.base/java.net.Socket$SocketInputStream.read(Socket.java:1025)
	at java.base/sun.security.ssl.SSLSocketInputRecord.read(SSLSocketInputRecord.java:483)
	at java.base/sun.security.ssl.SSLSocketInputRecord.readHeader(SSLSocketInputRecord.java:477)
	at java.base/sun.security.ssl.SSLSocketInputRecord.bytesInCompletePacket(SSLSocketInputRecord.java:70)
	at java.base/sun.security.ssl.SSLSocketImpl.readApplicationRecord(SSLSocketImpl.java:1465)
	at java.base/sun.security.ssl.SSLSocketImpl$AppInputStream.read(SSLSocketImpl.java:1069)
	at com.mongodb.internal.connection.SocketStream.read(SocketStream.java:113)
	at com.mongodb.internal.connection.SocketStream.read(SocketStream.java:138)
	at com.mongodb.internal.connection.InternalStreamConnection.receiveResponseBuffers(InternalStreamConnection.java:716)
	at com.mongodb.internal.connection.InternalStreamConnection.receiveMessageWithAdditionalTimeout(InternalStreamConnection.java:574)
	... 5 common frames omitted
2023-01-31 01:49:33,511 [INFO] org.mongodb.driver.cluster [cluster-ClusterId{value='63d815aca5e4193c4a3b347a', description='null'}-ac-gt72mmj-shard-00-02.0ps1ymn.mongodb.net:27017] Monitor thread successfully connected to server with description ServerDescription{address=ac-gt72mmj-shard-00-02.0ps1ymn.mongodb.net:27017, type=REPLICA_SET_SECONDARY, state=CONNECTED, ok=true, minWireVersion=0, maxWireVersion=13, maxDocumentSize=16777216, logicalSessionTimeoutMinutes=30, roundTripTimeNanos=127074100, setName='atlas-13b26u-shard-0', canonicalAddress=ac-gt72mmj-shard-00-02.0ps1ymn.mongodb.net:27017, hosts=[ac-gt72mmj-shard-00-01.0ps1ymn.mongodb.net:27017, ac-gt72mmj-shard-00-02.0ps1ymn.mongodb.net:27017, ac-gt72mmj-shard-00-00.0ps1ymn.mongodb.net:27017], passives=[], arbiters=[], primary='ac-gt72mmj-shard-00-01.0ps1ymn.mongodb.net:27017', tagSet=TagSet{[Tag{name='nodeType', value='ELECTABLE'}, Tag{name='provider', value='AWS'}, Tag{name='region', value='AP_SOUTH_1'}, Tag{name='workloadType', value='OPERATIONAL'}]}, electionId=null, setVersion=4, topologyVersion=TopologyVersion{processId=63d8101155efeecf2fb78440, counter=3}, lastWriteDate=Tue Jan 31 01:49:32 IST 2023, lastUpdateTimeNanos=5402475019000}
