2023-01-31 00:31:18,541 [INFO] com.example.saveUser.SaveUserApplication [restartedMain] Starting SaveUserApplication using Java 19.0.2 with PID 2228 (D:\Project\java\spring-user-management\build\classes\java\main started by ranja in D:\Project\java\spring-user-management)
2023-01-31 00:31:18,543 [DEBUG] com.example.saveUser.SaveUserApplication [restartedMain] Running with Spring Boot v3.0.2, Spring v6.0.4
2023-01-31 00:31:18,545 [INFO] com.example.saveUser.SaveUserApplication [restartedMain] No active profile set, falling back to 1 default profile: "default"
2023-01-31 00:31:18,599 [INFO] org.springframework.boot.devtools.env.DevToolsPropertyDefaultsPostProcessor [restartedMain] Devtools property defaults active! Set 'spring.devtools.add-properties' to 'false' to disable
2023-01-31 00:31:18,608 [INFO] org.springframework.boot.devtools.env.DevToolsPropertyDefaultsPostProcessor [restartedMain] For additional web related logging consider setting the 'logging.level.web' property to 'DEBUG'
2023-01-31 00:31:20,339 [INFO] org.springframework.data.repository.config.RepositoryConfigurationDelegate [restartedMain] Bootstrapping Spring Data MongoDB repositories in DEFAULT mode.
2023-01-31 00:31:20,668 [INFO] org.springframework.data.repository.config.RepositoryConfigurationDelegate [restartedMain] Finished Spring Data repository scanning in 319 ms. Found 1 MongoDB repository interfaces.
2023-01-31 00:31:21,401 [INFO] org.springframework.boot.web.embedded.tomcat.TomcatWebServer [restartedMain] Tomcat initialized with port(s): 3000 (http)
2023-01-31 00:31:21,414 [INFO] org.apache.catalina.core.StandardService [restartedMain] Starting service [Tomcat]
2023-01-31 00:31:21,414 [INFO] org.apache.catalina.core.StandardEngine [restartedMain] Starting Servlet engine: [Apache Tomcat/10.1.5]
2023-01-31 00:31:21,493 [INFO] org.apache.catalina.core.ContainerBase.[Tomcat].[localhost].[/] [restartedMain] Initializing Spring embedded WebApplicationContext
2023-01-31 00:31:21,493 [INFO] org.springframework.boot.web.servlet.context.ServletWebServerApplicationContext [restartedMain] Root WebApplicationContext: initialization completed in 2884 ms
2023-01-31 00:31:21,740 [INFO] org.mongodb.driver.cluster [cluster-ClusterId{value='63d814018be4d45489b3d22c', description='null'}-srv-cluster0.0ps1ymn.mongodb.net] Adding discovered server ac-gt72mmj-shard-00-00.0ps1ymn.mongodb.net:27017 to client view of cluster
2023-01-31 00:31:21,760 [INFO] org.mongodb.driver.client [restartedMain] MongoClient with metadata {"driver": {"name": "mongo-java-driver|sync|spring-boot", "version": "4.8.2"}, "os": {"type": "Windows", "name": "Windows 11", "architecture": "amd64", "version": "10.0"}, "platform": "Java/Oracle Corporation/19.0.2+7-44"} created with settings MongoClientSettings{readPreference=primary, writeConcern=WriteConcern{w=null, wTimeout=null ms, journal=null}, retryWrites=true, retryReads=true, readConcern=ReadConcern{level=null}, credential=MongoCredential{mechanism=null, userName='spacespider', source='admin', password=<hidden>, mechanismProperties=<hidden>}, streamFactoryFactory=null, commandListeners=[], codecRegistry=ProvidersCodecRegistry{codecProviders=[ValueCodecProvider{}, BsonValueCodecProvider{}, DBRefCodecProvider{}, DBObjectCodecProvider{}, DocumentCodecProvider{}, CollectionCodecProvider{}, IterableCodecProvider{}, MapCodecProvider{}, GeoJsonCodecProvider{}, GridFSFileCodecProvider{}, Jsr310CodecProvider{}, JsonObjectCodecProvider{}, BsonCodecProvider{}, EnumCodecProvider{}, com.mongodb.Jep395RecordCodecProvider@42e1e282]}, clusterSettings={hosts=[127.0.0.1:27017], srvHost=cluster0.0ps1ymn.mongodb.net, srvServiceName=mongodb, mode=MULTIPLE, requiredClusterType=REPLICA_SET, requiredReplicaSetName='atlas-13b26u-shard-0', serverSelector='null', clusterListeners='[]', serverSelectionTimeout='30000 ms', localThreshold='30000 ms'}, socketSettings=SocketSettings{connectTimeoutMS=10000, readTimeoutMS=0, receiveBufferSize=0, sendBufferSize=0}, heartbeatSocketSettings=SocketSettings{connectTimeoutMS=10000, readTimeoutMS=10000, receiveBufferSize=0, sendBufferSize=0}, connectionPoolSettings=ConnectionPoolSettings{maxSize=100, minSize=0, maxWaitTimeMS=120000, maxConnectionLifeTimeMS=0, maxConnectionIdleTimeMS=0, maintenanceInitialDelayMS=0, maintenanceFrequencyMS=60000, connectionPoolListeners=[], maxConnecting=2}, serverSettings=ServerSettings{heartbeatFrequencyMS=10000, minHeartbeatFrequencyMS=500, serverListeners='[]', serverMonitorListeners='[]'}, sslSettings=SslSettings{enabled=true, invalidHostNameAllowed=false, context=null}, applicationName='null', compressorList=[], uuidRepresentation=JAVA_LEGACY, serverApi=null, autoEncryptionSettings=null, contextProvider=null}
2023-01-31 00:31:21,771 [INFO] org.mongodb.driver.cluster [cluster-ClusterId{value='63d814018be4d45489b3d22c', description='null'}-srv-cluster0.0ps1ymn.mongodb.net] Adding discovered server ac-gt72mmj-shard-00-02.0ps1ymn.mongodb.net:27017 to client view of cluster
2023-01-31 00:31:21,772 [INFO] org.mongodb.driver.cluster [cluster-ClusterId{value='63d814018be4d45489b3d22c', description='null'}-srv-cluster0.0ps1ymn.mongodb.net] Adding discovered server ac-gt72mmj-shard-00-01.0ps1ymn.mongodb.net:27017 to client view of cluster
2023-01-31 00:31:21,990 [INFO] org.springframework.boot.devtools.autoconfigure.OptionalLiveReloadServer [restartedMain] LiveReload server is running on port 35729
2023-01-31 00:31:22,360 [INFO] org.mongodb.driver.cluster [cluster-ClusterId{value='63d814018be4d45489b3d22c', description='null'}-ac-gt72mmj-shard-00-02.0ps1ymn.mongodb.net:27017] Monitor thread successfully connected to server with description ServerDescription{address=ac-gt72mmj-shard-00-02.0ps1ymn.mongodb.net:27017, type=REPLICA_SET_SECONDARY, state=CONNECTED, ok=true, minWireVersion=0, maxWireVersion=13, maxDocumentSize=16777216, logicalSessionTimeoutMinutes=30, roundTripTimeNanos=320771000, setName='atlas-13b26u-shard-0', canonicalAddress=ac-gt72mmj-shard-00-02.0ps1ymn.mongodb.net:27017, hosts=[ac-gt72mmj-shard-00-01.0ps1ymn.mongodb.net:27017, ac-gt72mmj-shard-00-02.0ps1ymn.mongodb.net:27017, ac-gt72mmj-shard-00-00.0ps1ymn.mongodb.net:27017], passives=[], arbiters=[], primary='ac-gt72mmj-shard-00-01.0ps1ymn.mongodb.net:27017', tagSet=TagSet{[Tag{name='nodeType', value='ELECTABLE'}, Tag{name='provider', value='AWS'}, Tag{name='region', value='AP_SOUTH_1'}, Tag{name='workloadType', value='OPERATIONAL'}]}, electionId=null, setVersion=4, topologyVersion=TopologyVersion{processId=63d8101155efeecf2fb78440, counter=3}, lastWriteDate=Tue Jan 31 00:31:21 IST 2023, lastUpdateTimeNanos=711315635800}
2023-01-31 00:31:22,362 [INFO] org.mongodb.driver.cluster [cluster-ClusterId{value='63d814018be4d45489b3d22c', description='null'}-ac-gt72mmj-shard-00-01.0ps1ymn.mongodb.net:27017] Monitor thread successfully connected to server with description ServerDescription{address=ac-gt72mmj-shard-00-01.0ps1ymn.mongodb.net:27017, type=REPLICA_SET_PRIMARY, state=CONNECTED, ok=true, minWireVersion=0, maxWireVersion=13, maxDocumentSize=16777216, logicalSessionTimeoutMinutes=30, roundTripTimeNanos=324795900, setName='atlas-13b26u-shard-0', canonicalAddress=ac-gt72mmj-shard-00-01.0ps1ymn.mongodb.net:27017, hosts=[ac-gt72mmj-shard-00-01.0ps1ymn.mongodb.net:27017, ac-gt72mmj-shard-00-02.0ps1ymn.mongodb.net:27017, ac-gt72mmj-shard-00-00.0ps1ymn.mongodb.net:27017], passives=[], arbiters=[], primary='ac-gt72mmj-shard-00-01.0ps1ymn.mongodb.net:27017', tagSet=TagSet{[Tag{name='nodeType', value='ELECTABLE'}, Tag{name='provider', value='AWS'}, Tag{name='region', value='AP_SOUTH_1'}, Tag{name='workloadType', value='OPERATIONAL'}]}, electionId=7fffffff00000000000000e3, setVersion=4, topologyVersion=TopologyVersion{processId=63d80effea80847d1a03e0f8, counter=6}, lastWriteDate=Tue Jan 31 00:31:21 IST 2023, lastUpdateTimeNanos=711319819600}
2023-01-31 00:31:22,362 [INFO] org.mongodb.driver.cluster [cluster-ClusterId{value='63d814018be4d45489b3d22c', description='null'}-ac-gt72mmj-shard-00-00.0ps1ymn.mongodb.net:27017] Monitor thread successfully connected to server with description ServerDescription{address=ac-gt72mmj-shard-00-00.0ps1ymn.mongodb.net:27017, type=REPLICA_SET_SECONDARY, state=CONNECTED, ok=true, minWireVersion=0, maxWireVersion=13, maxDocumentSize=16777216, logicalSessionTimeoutMinutes=30, roundTripTimeNanos=324812200, setName='atlas-13b26u-shard-0', canonicalAddress=ac-gt72mmj-shard-00-00.0ps1ymn.mongodb.net:27017, hosts=[ac-gt72mmj-shard-00-01.0ps1ymn.mongodb.net:27017, ac-gt72mmj-shard-00-02.0ps1ymn.mongodb.net:27017, ac-gt72mmj-shard-00-00.0ps1ymn.mongodb.net:27017], passives=[], arbiters=[], primary='ac-gt72mmj-shard-00-01.0ps1ymn.mongodb.net:27017', tagSet=TagSet{[Tag{name='nodeType', value='ELECTABLE'}, Tag{name='provider', value='AWS'}, Tag{name='region', value='AP_SOUTH_1'}, Tag{name='workloadType', value='OPERATIONAL'}]}, electionId=null, setVersion=4, topologyVersion=TopologyVersion{processId=63d80dffe15cce74fc56473e, counter=4}, lastWriteDate=Tue Jan 31 00:31:21 IST 2023, lastUpdateTimeNanos=711319722800}
2023-01-31 00:31:22,366 [INFO] org.mongodb.driver.cluster [cluster-ClusterId{value='63d814018be4d45489b3d22c', description='null'}-ac-gt72mmj-shard-00-01.0ps1ymn.mongodb.net:27017] Discovered replica set primary ac-gt72mmj-shard-00-01.0ps1ymn.mongodb.net:27017 with max election id 7fffffff00000000000000e3 and max set version 4
2023-01-31 00:31:22,931 [INFO] org.springframework.boot.web.embedded.tomcat.TomcatWebServer [restartedMain] Tomcat started on port(s): 3000 (http) with context path ''
2023-01-31 00:31:22,954 [INFO] com.example.saveUser.SaveUserApplication [restartedMain] Started SaveUserApplication in 4.877 seconds (process running for 5.401)
2023-01-31 00:31:30,958 [INFO] org.apache.catalina.core.ContainerBase.[Tomcat].[localhost].[/] [http-nio-3000-exec-2] Initializing Spring DispatcherServlet 'dispatcherServlet'
2023-01-31 00:31:30,958 [INFO] org.springframework.web.servlet.DispatcherServlet [http-nio-3000-exec-2] Initializing Servlet 'dispatcherServlet'
2023-01-31 00:31:30,959 [INFO] org.springframework.web.servlet.DispatcherServlet [http-nio-3000-exec-2] Completed initialization in 0 ms
2023-01-31 00:31:30,992 [TRACE] com.example.saveUser.controller.UserController [http-nio-3000-exec-2] getting all the users
2023-01-31 00:31:52,810 [INFO] org.mongodb.driver.cluster [http-nio-3000-exec-2] No server chosen by ReadPreferenceServerSelector{readPreference=primary} from cluster description ClusterDescription{type=REPLICA_SET, connectionMode=MULTIPLE, serverDescriptions=[ServerDescription{address=ac-gt72mmj-shard-00-01.0ps1ymn.mongodb.net:27017, type=UNKNOWN, state=CONNECTING, exception={com.mongodb.MongoSocketWriteException: Exception sending message}, caused by {java.net.SocketException: Connection reset}}, ServerDescription{address=ac-gt72mmj-shard-00-00.0ps1ymn.mongodb.net:27017, type=REPLICA_SET_SECONDARY, state=CONNECTED, ok=true, minWireVersion=0, maxWireVersion=13, maxDocumentSize=16777216, logicalSessionTimeoutMinutes=30, roundTripTimeNanos=315617340, setName='atlas-13b26u-shard-0', canonicalAddress=ac-gt72mmj-shard-00-00.0ps1ymn.mongodb.net:27017, hosts=[ac-gt72mmj-shard-00-01.0ps1ymn.mongodb.net:27017, ac-gt72mmj-shard-00-02.0ps1ymn.mongodb.net:27017, ac-gt72mmj-shard-00-00.0ps1ymn.mongodb.net:27017], passives=[], arbiters=[], primary='ac-gt72mmj-shard-00-01.0ps1ymn.mongodb.net:27017', tagSet=TagSet{[Tag{name='nodeType', value='ELECTABLE'}, Tag{name='provider', value='AWS'}, Tag{name='region', value='AP_SOUTH_1'}, Tag{name='workloadType', value='OPERATIONAL'}]}, electionId=null, setVersion=4, topologyVersion=TopologyVersion{processId=63d80dffe15cce74fc56473e, counter=4}, lastWriteDate=Tue Jan 31 00:31:32 IST 2023, lastUpdateTimeNanos=721605632100}, ServerDescription{address=ac-gt72mmj-shard-00-02.0ps1ymn.mongodb.net:27017, type=REPLICA_SET_SECONDARY, state=CONNECTED, ok=true, minWireVersion=0, maxWireVersion=13, maxDocumentSize=16777216, logicalSessionTimeoutMinutes=30, roundTripTimeNanos=274173128, setName='atlas-13b26u-shard-0', canonicalAddress=ac-gt72mmj-shard-00-02.0ps1ymn.mongodb.net:27017, hosts=[ac-gt72mmj-shard-00-01.0ps1ymn.mongodb.net:27017, ac-gt72mmj-shard-00-02.0ps1ymn.mongodb.net:27017, ac-gt72mmj-shard-00-00.0ps1ymn.mongodb.net:27017], passives=[], arbiters=[], primary='ac-gt72mmj-shard-00-01.0ps1ymn.mongodb.net:27017', tagSet=TagSet{[Tag{name='nodeType', value='ELECTABLE'}, Tag{name='provider', value='AWS'}, Tag{name='region', value='AP_SOUTH_1'}, Tag{name='workloadType', value='OPERATIONAL'}]}, electionId=null, setVersion=4, topologyVersion=TopologyVersion{processId=63d8101155efeecf2fb78440, counter=3}, lastWriteDate=Tue Jan 31 00:31:32 IST 2023, lastUpdateTimeNanos=721605611300}]}. Waiting for 30000 ms before timing out
2023-01-31 00:31:58,125 [INFO] org.mongodb.driver.cluster [cluster-ClusterId{value='63d814018be4d45489b3d22c', description='null'}-ac-gt72mmj-shard-00-00.0ps1ymn.mongodb.net:27017] Exception in monitor thread while connecting to server ac-gt72mmj-shard-00-00.0ps1ymn.mongodb.net:27017
com.mongodb.MongoSocketReadTimeoutException: Timeout while receiving message
	at com.mongodb.internal.connection.InternalStreamConnection.translateReadException(InternalStreamConnection.java:699)
	at com.mongodb.internal.connection.InternalStreamConnection.receiveMessageWithAdditionalTimeout(InternalStreamConnection.java:577)
	at com.mongodb.internal.connection.InternalStreamConnection.receiveCommandMessageResponse(InternalStreamConnection.java:413)
	at com.mongodb.internal.connection.InternalStreamConnection.receive(InternalStreamConnection.java:372)
	at com.mongodb.internal.connection.DefaultServerMonitor$ServerMonitorRunnable.lookupServerDescription(DefaultServerMonitor.java:226)
	at com.mongodb.internal.connection.DefaultServerMonitor$ServerMonitorRunnable.run(DefaultServerMonitor.java:158)
	at java.base/java.lang.Thread.run(Thread.java:1589)
Caused by: java.net.SocketTimeoutException: Read timed out
	at java.base/sun.nio.ch.NioSocketImpl.timedRead(NioSocketImpl.java:273)
	at java.base/sun.nio.ch.NioSocketImpl.implRead(NioSocketImpl.java:299)
	at java.base/sun.nio.ch.NioSocketImpl.read(NioSocketImpl.java:340)
	at java.base/sun.nio.ch.NioSocketImpl$1.read(NioSocketImpl.java:789)
	at java.base/java.net.Socket$SocketInputStream.read(Socket.java:1025)
	at java.base/sun.security.ssl.SSLSocketInputRecord.read(SSLSocketInputRecord.java:483)
	at java.base/sun.security.ssl.SSLSocketInputRecord.readHeader(SSLSocketInputRecord.java:477)
	at java.base/sun.security.ssl.SSLSocketInputRecord.bytesInCompletePacket(SSLSocketInputRecord.java:70)
	at java.base/sun.security.ssl.SSLSocketImpl.readApplicationRecord(SSLSocketImpl.java:1465)
	at java.base/sun.security.ssl.SSLSocketImpl$AppInputStream.read(SSLSocketImpl.java:1069)
	at com.mongodb.internal.connection.SocketStream.read(SocketStream.java:113)
	at com.mongodb.internal.connection.SocketStream.read(SocketStream.java:138)
	at com.mongodb.internal.connection.InternalStreamConnection.receiveResponseBuffers(InternalStreamConnection.java:716)
	at com.mongodb.internal.connection.InternalStreamConnection.receiveMessageWithAdditionalTimeout(InternalStreamConnection.java:574)
	... 5 common frames omitted
2023-01-31 00:31:58,194 [INFO] org.mongodb.driver.cluster [cluster-ClusterId{value='63d814018be4d45489b3d22c', description='null'}-ac-gt72mmj-shard-00-02.0ps1ymn.mongodb.net:27017] Exception in monitor thread while connecting to server ac-gt72mmj-shard-00-02.0ps1ymn.mongodb.net:27017
com.mongodb.MongoSocketReadTimeoutException: Timeout while receiving message
	at com.mongodb.internal.connection.InternalStreamConnection.translateReadException(InternalStreamConnection.java:699)
	at com.mongodb.internal.connection.InternalStreamConnection.receiveMessageWithAdditionalTimeout(InternalStreamConnection.java:577)
	at com.mongodb.internal.connection.InternalStreamConnection.receiveCommandMessageResponse(InternalStreamConnection.java:413)
	at com.mongodb.internal.connection.InternalStreamConnection.receive(InternalStreamConnection.java:372)
	at com.mongodb.internal.connection.DefaultServerMonitor$ServerMonitorRunnable.lookupServerDescription(DefaultServerMonitor.java:226)
	at com.mongodb.internal.connection.DefaultServerMonitor$ServerMonitorRunnable.run(DefaultServerMonitor.java:158)
	at java.base/java.lang.Thread.run(Thread.java:1589)
Caused by: java.net.SocketTimeoutException: Read timed out
	at java.base/sun.nio.ch.NioSocketImpl.timedRead(NioSocketImpl.java:273)
	at java.base/sun.nio.ch.NioSocketImpl.implRead(NioSocketImpl.java:299)
	at java.base/sun.nio.ch.NioSocketImpl.read(NioSocketImpl.java:340)
	at java.base/sun.nio.ch.NioSocketImpl$1.read(NioSocketImpl.java:789)
	at java.base/java.net.Socket$SocketInputStream.read(Socket.java:1025)
	at java.base/sun.security.ssl.SSLSocketInputRecord.read(SSLSocketInputRecord.java:483)
	at java.base/sun.security.ssl.SSLSocketInputRecord.readHeader(SSLSocketInputRecord.java:477)
	at java.base/sun.security.ssl.SSLSocketInputRecord.bytesInCompletePacket(SSLSocketInputRecord.java:70)
	at java.base/sun.security.ssl.SSLSocketImpl.readApplicationRecord(SSLSocketImpl.java:1465)
	at java.base/sun.security.ssl.SSLSocketImpl$AppInputStream.read(SSLSocketImpl.java:1069)
	at com.mongodb.internal.connection.SocketStream.read(SocketStream.java:113)
	at com.mongodb.internal.connection.SocketStream.read(SocketStream.java:138)
	at com.mongodb.internal.connection.InternalStreamConnection.receiveResponseBuffers(InternalStreamConnection.java:716)
	at com.mongodb.internal.connection.InternalStreamConnection.receiveMessageWithAdditionalTimeout(InternalStreamConnection.java:574)
	... 5 common frames omitted
2023-01-31 00:32:03,393 [INFO] org.mongodb.driver.cluster [cluster-ClusterId{value='63d814018be4d45489b3d22c', description='null'}-ac-gt72mmj-shard-00-01.0ps1ymn.mongodb.net:27017] Exception in monitor thread while connecting to server ac-gt72mmj-shard-00-01.0ps1ymn.mongodb.net:27017
com.mongodb.MongoSocketWriteException: Exception sending message
	at com.mongodb.internal.connection.InternalStreamConnection.translateWriteException(InternalStreamConnection.java:687)
	at com.mongodb.internal.connection.InternalStreamConnection.sendMessage(InternalStreamConnection.java:558)
	at com.mongodb.internal.connection.InternalStreamConnection.sendCommandMessage(InternalStreamConnection.java:384)
	at com.mongodb.internal.connection.InternalStreamConnection.sendAndReceive(InternalStreamConnection.java:332)
	at com.mongodb.internal.connection.CommandHelper.sendAndReceive(CommandHelper.java:104)
	at com.mongodb.internal.connection.CommandHelper.executeCommand(CommandHelper.java:48)
	at com.mongodb.internal.connection.InternalStreamConnectionInitializer.initializeConnectionDescription(InternalStreamConnectionInitializer.java:134)
	at com.mongodb.internal.connection.InternalStreamConnectionInitializer.startHandshake(InternalStreamConnectionInitializer.java:76)
	at com.mongodb.internal.connection.InternalStreamConnection.open(InternalStreamConnection.java:185)
	at com.mongodb.internal.connection.DefaultServerMonitor$ServerMonitorRunnable.lookupServerDescription(DefaultServerMonitor.java:198)
	at com.mongodb.internal.connection.DefaultServerMonitor$ServerMonitorRunnable.run(DefaultServerMonitor.java:158)
	at java.base/java.lang.Thread.run(Thread.java:1589)
Caused by: java.net.SocketTimeoutException: Read timed out
	at java.base/sun.nio.ch.NioSocketImpl.timedRead(NioSocketImpl.java:273)
	at java.base/sun.nio.ch.NioSocketImpl.implRead(NioSocketImpl.java:299)
	at java.base/sun.nio.ch.NioSocketImpl.read(NioSocketImpl.java:340)
	at java.base/sun.nio.ch.NioSocketImpl$1.read(NioSocketImpl.java:789)
	at java.base/java.net.Socket$SocketInputStream.read(Socket.java:1025)
	at java.base/sun.security.ssl.SSLSocketInputRecord.read(SSLSocketInputRecord.java:483)
	at java.base/sun.security.ssl.SSLSocketInputRecord.readHeader(SSLSocketInputRecord.java:477)
	at java.base/sun.security.ssl.SSLSocketInputRecord.decode(SSLSocketInputRecord.java:160)
	at java.base/sun.security.ssl.SSLTransport.decode(SSLTransport.java:111)
	at java.base/sun.security.ssl.SSLSocketImpl.decode(SSLSocketImpl.java:1510)
	at java.base/sun.security.ssl.SSLSocketImpl.readHandshakeRecord(SSLSocketImpl.java:1425)
	at java.base/sun.security.ssl.SSLSocketImpl.startHandshake(SSLSocketImpl.java:455)
	at java.base/sun.security.ssl.SSLSocketImpl.ensureNegotiated(SSLSocketImpl.java:925)
	at java.base/sun.security.ssl.SSLSocketImpl$AppOutputStream.write(SSLSocketImpl.java:1295)
	at com.mongodb.internal.connection.SocketStream.write(SocketStream.java:102)
	at com.mongodb.internal.connection.InternalStreamConnection.sendMessage(InternalStreamConnection.java:555)
	... 10 common frames omitted
2023-01-31 00:32:08,159 [INFO] org.mongodb.driver.cluster [cluster-ClusterId{value='63d814018be4d45489b3d22c', description='null'}-ac-gt72mmj-shard-00-00.0ps1ymn.mongodb.net:27017] Exception in monitor thread while connecting to server ac-gt72mmj-shard-00-00.0ps1ymn.mongodb.net:27017
com.mongodb.MongoSocketOpenException: Exception opening socket
	at com.mongodb.internal.connection.SocketStream.open(SocketStream.java:73)
	at com.mongodb.internal.connection.InternalStreamConnection.open(InternalStreamConnection.java:183)
	at com.mongodb.internal.connection.DefaultServerMonitor$ServerMonitorRunnable.lookupServerDescription(DefaultServerMonitor.java:198)
	at com.mongodb.internal.connection.DefaultServerMonitor$ServerMonitorRunnable.run(DefaultServerMonitor.java:158)
	at java.base/java.lang.Thread.run(Thread.java:1589)
Caused by: java.net.SocketTimeoutException: Connect timed out
	at java.base/sun.nio.ch.NioSocketImpl.timedFinishConnect(NioSocketImpl.java:539)
	at java.base/sun.nio.ch.NioSocketImpl.connect(NioSocketImpl.java:585)
	at java.base/java.net.SocksSocketImpl.connect(SocksSocketImpl.java:327)
	at java.base/java.net.Socket.connect(Socket.java:666)
	at java.base/sun.security.ssl.SSLSocketImpl.connect(SSLSocketImpl.java:304)
	at com.mongodb.internal.connection.SocketStreamHelper.initialize(SocketStreamHelper.java:107)
	at com.mongodb.internal.connection.SocketStream.initializeSocket(SocketStream.java:82)
	at com.mongodb.internal.connection.SocketStream.open(SocketStream.java:68)
	... 4 common frames omitted
2023-01-31 00:32:09,233 [INFO] org.mongodb.driver.cluster [cluster-ClusterId{value='63d814018be4d45489b3d22c', description='null'}-ac-gt72mmj-shard-00-02.0ps1ymn.mongodb.net:27017] Exception in monitor thread while connecting to server ac-gt72mmj-shard-00-02.0ps1ymn.mongodb.net:27017
com.mongodb.MongoSocketWriteException: Exception sending message
	at com.mongodb.internal.connection.InternalStreamConnection.translateWriteException(InternalStreamConnection.java:687)
	at com.mongodb.internal.connection.InternalStreamConnection.sendMessage(InternalStreamConnection.java:558)
	at com.mongodb.internal.connection.InternalStreamConnection.sendCommandMessage(InternalStreamConnection.java:384)
	at com.mongodb.internal.connection.InternalStreamConnection.sendAndReceive(InternalStreamConnection.java:332)
	at com.mongodb.internal.connection.CommandHelper.sendAndReceive(CommandHelper.java:104)
	at com.mongodb.internal.connection.CommandHelper.executeCommand(CommandHelper.java:48)
	at com.mongodb.internal.connection.InternalStreamConnectionInitializer.initializeConnectionDescription(InternalStreamConnectionInitializer.java:134)
	at com.mongodb.internal.connection.InternalStreamConnectionInitializer.startHandshake(InternalStreamConnectionInitializer.java:76)
	at com.mongodb.internal.connection.InternalStreamConnection.open(InternalStreamConnection.java:185)
	at com.mongodb.internal.connection.DefaultServerMonitor$ServerMonitorRunnable.lookupServerDescription(DefaultServerMonitor.java:198)
	at com.mongodb.internal.connection.DefaultServerMonitor$ServerMonitorRunnable.run(DefaultServerMonitor.java:158)
	at java.base/java.lang.Thread.run(Thread.java:1589)
Caused by: java.net.SocketTimeoutException: Read timed out
	at java.base/sun.nio.ch.NioSocketImpl.timedRead(NioSocketImpl.java:273)
	at java.base/sun.nio.ch.NioSocketImpl.implRead(NioSocketImpl.java:299)
	at java.base/sun.nio.ch.NioSocketImpl.read(NioSocketImpl.java:340)
	at java.base/sun.nio.ch.NioSocketImpl$1.read(NioSocketImpl.java:789)
	at java.base/java.net.Socket$SocketInputStream.read(Socket.java:1025)
	at java.base/sun.security.ssl.SSLSocketInputRecord.read(SSLSocketInputRecord.java:483)
	at java.base/sun.security.ssl.SSLSocketInputRecord.readHeader(SSLSocketInputRecord.java:477)
	at java.base/sun.security.ssl.SSLSocketInputRecord.decode(SSLSocketInputRecord.java:160)
	at java.base/sun.security.ssl.SSLTransport.decode(SSLTransport.java:111)
	at java.base/sun.security.ssl.SSLSocketImpl.decode(SSLSocketImpl.java:1510)
	at java.base/sun.security.ssl.SSLSocketImpl.readHandshakeRecord(SSLSocketImpl.java:1425)
	at java.base/sun.security.ssl.SSLSocketImpl.startHandshake(SSLSocketImpl.java:455)
	at java.base/sun.security.ssl.SSLSocketImpl.ensureNegotiated(SSLSocketImpl.java:925)
	at java.base/sun.security.ssl.SSLSocketImpl$AppOutputStream.write(SSLSocketImpl.java:1295)
	at com.mongodb.internal.connection.SocketStream.write(SocketStream.java:102)
	at com.mongodb.internal.connection.InternalStreamConnection.sendMessage(InternalStreamConnection.java:555)
	... 10 common frames omitted
2023-01-31 00:32:10,583 [INFO] org.mongodb.driver.cluster [cluster-ClusterId{value='63d814018be4d45489b3d22c', description='null'}-ac-gt72mmj-shard-00-00.0ps1ymn.mongodb.net:27017] Monitor thread successfully connected to server with description ServerDescription{address=ac-gt72mmj-shard-00-00.0ps1ymn.mongodb.net:27017, type=REPLICA_SET_SECONDARY, state=CONNECTED, ok=true, minWireVersion=0, maxWireVersion=13, maxDocumentSize=16777216, logicalSessionTimeoutMinutes=30, roundTripTimeNanos=1896115800, setName='atlas-13b26u-shard-0', canonicalAddress=ac-gt72mmj-shard-00-00.0ps1ymn.mongodb.net:27017, hosts=[ac-gt72mmj-shard-00-01.0ps1ymn.mongodb.net:27017, ac-gt72mmj-shard-00-02.0ps1ymn.mongodb.net:27017, ac-gt72mmj-shard-00-00.0ps1ymn.mongodb.net:27017], passives=[], arbiters=[], primary='ac-gt72mmj-shard-00-01.0ps1ymn.mongodb.net:27017', tagSet=TagSet{[Tag{name='nodeType', value='ELECTABLE'}, Tag{name='provider', value='AWS'}, Tag{name='region', value='AP_SOUTH_1'}, Tag{name='workloadType', value='OPERATIONAL'}]}, electionId=null, setVersion=4, topologyVersion=TopologyVersion{processId=63d80dffe15cce74fc56473e, counter=4}, lastWriteDate=Tue Jan 31 00:32:10 IST 2023, lastUpdateTimeNanos=759541039200}
2023-01-31 00:32:17,600 [INFO] org.mongodb.driver.cluster [cluster-ClusterId{value='63d814018be4d45489b3d22c', description='null'}-ac-gt72mmj-shard-00-01.0ps1ymn.mongodb.net:27017] Exception in monitor thread while connecting to server ac-gt72mmj-shard-00-01.0ps1ymn.mongodb.net:27017
com.mongodb.MongoSocketReadTimeoutException: Timeout while receiving message
	at com.mongodb.internal.connection.InternalStreamConnection.translateReadException(InternalStreamConnection.java:699)
	at com.mongodb.internal.connection.InternalStreamConnection.receiveMessageWithAdditionalTimeout(InternalStreamConnection.java:577)
	at com.mongodb.internal.connection.InternalStreamConnection.receiveCommandMessageResponse(InternalStreamConnection.java:413)
	at com.mongodb.internal.connection.InternalStreamConnection.sendAndReceive(InternalStreamConnection.java:340)
	at com.mongodb.internal.connection.CommandHelper.sendAndReceive(CommandHelper.java:104)
	at com.mongodb.internal.connection.CommandHelper.executeCommand(CommandHelper.java:48)
	at com.mongodb.internal.connection.InternalStreamConnectionInitializer.initializeConnectionDescription(InternalStreamConnectionInitializer.java:134)
	at com.mongodb.internal.connection.InternalStreamConnectionInitializer.startHandshake(InternalStreamConnectionInitializer.java:76)
	at com.mongodb.internal.connection.InternalStreamConnection.open(InternalStreamConnection.java:185)
	at com.mongodb.internal.connection.DefaultServerMonitor$ServerMonitorRunnable.lookupServerDescription(DefaultServerMonitor.java:198)
	at com.mongodb.internal.connection.DefaultServerMonitor$ServerMonitorRunnable.run(DefaultServerMonitor.java:158)
	at java.base/java.lang.Thread.run(Thread.java:1589)
Caused by: java.net.SocketTimeoutException: Read timed out
	at java.base/sun.nio.ch.NioSocketImpl.timedRead(NioSocketImpl.java:273)
	at java.base/sun.nio.ch.NioSocketImpl.implRead(NioSocketImpl.java:299)
	at java.base/sun.nio.ch.NioSocketImpl.read(NioSocketImpl.java:340)
	at java.base/sun.nio.ch.NioSocketImpl$1.read(NioSocketImpl.java:789)
	at java.base/java.net.Socket$SocketInputStream.read(Socket.java:1025)
	at java.base/sun.security.ssl.SSLSocketInputRecord.read(SSLSocketInputRecord.java:483)
	at java.base/sun.security.ssl.SSLSocketInputRecord.readHeader(SSLSocketInputRecord.java:477)
	at java.base/sun.security.ssl.SSLSocketInputRecord.bytesInCompletePacket(SSLSocketInputRecord.java:70)
	at java.base/sun.security.ssl.SSLSocketImpl.readApplicationRecord(SSLSocketImpl.java:1465)
	at java.base/sun.security.ssl.SSLSocketImpl$AppInputStream.read(SSLSocketImpl.java:1069)
	at com.mongodb.internal.connection.SocketStream.read(SocketStream.java:113)
	at com.mongodb.internal.connection.SocketStream.read(SocketStream.java:138)
	at com.mongodb.internal.connection.InternalStreamConnection.receiveResponseBuffers(InternalStreamConnection.java:716)
	at com.mongodb.internal.connection.InternalStreamConnection.receiveMessageWithAdditionalTimeout(InternalStreamConnection.java:574)
	... 10 common frames omitted
2023-01-31 00:32:22,831 [ERROR] org.apache.catalina.core.ContainerBase.[Tomcat].[localhost].[/].[dispatcherServlet] [http-nio-3000-exec-2] Servlet.service() for servlet [dispatcherServlet] in context with path [] threw exception [Request processing failed: org.springframework.dao.DataAccessResourceFailureException: Exception sending message] with root cause
java.net.SocketException: Connection reset
	at java.base/sun.nio.ch.NioSocketImpl.implRead(NioSocketImpl.java:313)
	at java.base/sun.nio.ch.NioSocketImpl.read(NioSocketImpl.java:340)
	at java.base/sun.nio.ch.NioSocketImpl$1.read(NioSocketImpl.java:789)
	at java.base/java.net.Socket$SocketInputStream.read(Socket.java:1025)
	at java.base/sun.security.ssl.SSLSocketInputRecord.read(SSLSocketInputRecord.java:483)
	at java.base/sun.security.ssl.SSLSocketInputRecord.readHeader(SSLSocketInputRecord.java:477)
	at java.base/sun.security.ssl.SSLSocketInputRecord.decode(SSLSocketInputRecord.java:160)
	at java.base/sun.security.ssl.SSLTransport.decode(SSLTransport.java:111)
	at java.base/sun.security.ssl.SSLSocketImpl.decode(SSLSocketImpl.java:1510)
	at java.base/sun.security.ssl.SSLSocketImpl.readHandshakeRecord(SSLSocketImpl.java:1425)
	at java.base/sun.security.ssl.SSLSocketImpl.startHandshake(SSLSocketImpl.java:455)
	at java.base/sun.security.ssl.SSLSocketImpl.ensureNegotiated(SSLSocketImpl.java:925)
	at java.base/sun.security.ssl.SSLSocketImpl$AppOutputStream.write(SSLSocketImpl.java:1295)
	at com.mongodb.internal.connection.SocketStream.write(SocketStream.java:102)
	at com.mongodb.internal.connection.InternalStreamConnection.sendMessage(InternalStreamConnection.java:555)
	at com.mongodb.internal.connection.InternalStreamConnection.sendCommandMessage(InternalStreamConnection.java:384)
	at com.mongodb.internal.connection.InternalStreamConnection.sendAndReceive(InternalStreamConnection.java:332)
	at com.mongodb.internal.connection.CommandHelper.sendAndReceive(CommandHelper.java:104)
	at com.mongodb.internal.connection.CommandHelper.executeCommand(CommandHelper.java:48)
	at com.mongodb.internal.connection.InternalStreamConnectionInitializer.initializeConnectionDescription(InternalStreamConnectionInitializer.java:134)
	at com.mongodb.internal.connection.InternalStreamConnectionInitializer.startHandshake(InternalStreamConnectionInitializer.java:76)
	at com.mongodb.internal.connection.InternalStreamConnection.open(InternalStreamConnection.java:185)
	at com.mongodb.internal.connection.UsageTrackingInternalConnection.open(UsageTrackingInternalConnection.java:54)
	at com.mongodb.internal.connection.DefaultConnectionPool$PooledConnection.open(DefaultConnectionPool.java:534)
	at com.mongodb.internal.connection.DefaultConnectionPool$OpenConcurrencyLimiter.openWithConcurrencyLimit(DefaultConnectionPool.java:910)
	at com.mongodb.internal.connection.DefaultConnectionPool$OpenConcurrencyLimiter.openOrGetAvailable(DefaultConnectionPool.java:851)
	at com.mongodb.internal.connection.DefaultConnectionPool.get(DefaultConnectionPool.java:177)
	at com.mongodb.internal.connection.DefaultConnectionPool.get(DefaultConnectionPool.java:166)
	at com.mongodb.internal.connection.DefaultServer.getConnection(DefaultServer.java:97)
	at com.mongodb.internal.binding.ClusterBinding$ClusterBindingConnectionSource.getConnection(ClusterBinding.java:173)
	at com.mongodb.client.internal.ClientSessionBinding$SessionBindingConnectionSource.getConnection(ClientSessionBinding.java:192)
	at com.mongodb.internal.operation.OperationHelper.withSuppliedResource(OperationHelper.java:373)
	at com.mongodb.internal.operation.OperationHelper.lambda$withSourceAndConnection$1(OperationHelper.java:355)
	at com.mongodb.internal.operation.OperationHelper.withSuppliedResource(OperationHelper.java:381)
	at com.mongodb.internal.operation.OperationHelper.withSourceAndConnection(OperationHelper.java:354)
	at com.mongodb.internal.operation.FindOperation.lambda$execute$2(FindOperation.java:329)
	at com.mongodb.internal.async.function.RetryingSyncSupplier.get(RetryingSyncSupplier.java:67)
	at com.mongodb.internal.operation.FindOperation.execute(FindOperation.java:340)
	at com.mongodb.internal.operation.FindOperation.execute(FindOperation.java:79)
	at com.mongodb.client.internal.MongoClientDelegate$DelegateOperationExecutor.execute(MongoClientDelegate.java:191)
	at com.mongodb.client.internal.MongoIterableImpl.execute(MongoIterableImpl.java:133)
	at com.mongodb.client.internal.MongoIterableImpl.iterator(MongoIterableImpl.java:90)
	at org.springframework.data.mongodb.core.MongoTemplate.executeFindMultiInternal(MongoTemplate.java:2728)
	at org.springframework.data.mongodb.core.MongoTemplate.doFind(MongoTemplate.java:2445)
	at org.springframework.data.mongodb.core.MongoTemplate.doFind(MongoTemplate.java:2427)
	at org.springframework.data.mongodb.core.MongoTemplate.find(MongoTemplate.java:833)
	at org.springframework.data.mongodb.repository.support.SimpleMongoRepository.findAll(SimpleMongoRepository.java:352)
	at org.springframework.data.mongodb.repository.support.SimpleMongoRepository.findAll(SimpleMongoRepository.java:134)
	at org.springframework.data.mongodb.repository.support.SimpleMongoRepository.findAll(SimpleMongoRepository.java:61)
	at java.base/jdk.internal.reflect.DirectMethodHandleAccessor.invoke(DirectMethodHandleAccessor.java:104)
	at java.base/java.lang.reflect.Method.invoke(Method.java:578)
	at org.springframework.data.repository.core.support.RepositoryMethodInvoker$RepositoryFragmentMethodInvoker.lambda$new$0(RepositoryMethodInvoker.java:288)
	at org.springframework.data.repository.core.support.RepositoryMethodInvoker.doInvoke(RepositoryMethodInvoker.java:136)
	at org.springframework.data.repository.core.support.RepositoryMethodInvoker.invoke(RepositoryMethodInvoker.java:120)
	at org.springframework.data.repository.core.support.RepositoryComposition$RepositoryFragments.invoke(RepositoryComposition.java:516)
	at org.springframework.data.repository.core.support.RepositoryComposition.invoke(RepositoryComposition.java:285)
	at org.springframework.data.repository.core.support.RepositoryFactorySupport$ImplementationMethodExecutionInterceptor.invoke(RepositoryFactorySupport.java:628)
	at org.springframework.aop.framework.ReflectiveMethodInvocation.proceed(ReflectiveMethodInvocation.java:184)
	at org.springframework.data.repository.core.support.QueryExecutorMethodInterceptor.doInvoke(QueryExecutorMethodInterceptor.java:168)
	at org.springframework.data.repository.core.support.QueryExecutorMethodInterceptor.invoke(QueryExecutorMethodInterceptor.java:143)
	at org.springframework.aop.framework.ReflectiveMethodInvocation.proceed(ReflectiveMethodInvocation.java:184)
	at org.springframework.data.projection.DefaultMethodInvokingMethodInterceptor.invoke(DefaultMethodInvokingMethodInterceptor.java:77)
	at org.springframework.aop.framework.ReflectiveMethodInvocation.proceed(ReflectiveMethodInvocation.java:184)
	at org.springframework.aop.interceptor.ExposeInvocationInterceptor.invoke(ExposeInvocationInterceptor.java:97)
	at org.springframework.aop.framework.ReflectiveMethodInvocation.proceed(ReflectiveMethodInvocation.java:184)
	at org.springframework.aop.framework.JdkDynamicAopProxy.invoke(JdkDynamicAopProxy.java:218)
	at jdk.proxy3/jdk.proxy3.$Proxy80.findAll(Unknown Source)
	at java.base/jdk.internal.reflect.DirectMethodHandleAccessor.invoke(DirectMethodHandleAccessor.java:104)
	at java.base/java.lang.reflect.Method.invoke(Method.java:578)
	at org.springframework.aop.support.AopUtils.invokeJoinpointUsingReflection(AopUtils.java:343)
	at org.springframework.aop.framework.ReflectiveMethodInvocation.invokeJoinpoint(ReflectiveMethodInvocation.java:196)
	at org.springframework.aop.framework.ReflectiveMethodInvocation.proceed(ReflectiveMethodInvocation.java:163)
	at org.springframework.dao.support.PersistenceExceptionTranslationInterceptor.invoke(PersistenceExceptionTranslationInterceptor.java:137)
	at org.springframework.aop.framework.ReflectiveMethodInvocation.proceed(ReflectiveMethodInvocation.java:184)
	at org.springframework.aop.framework.JdkDynamicAopProxy.invoke(JdkDynamicAopProxy.java:218)
	at jdk.proxy3/jdk.proxy3.$Proxy80.findAll(Unknown Source)
	at com.example.saveUser.service.UserService.getUsers(UserService.java:26)
	at com.example.saveUser.controller.UserController.getAllUsers(UserController.java:26)
	at java.base/jdk.internal.reflect.DirectMethodHandleAccessor.invoke(DirectMethodHandleAccessor.java:104)
	at java.base/java.lang.reflect.Method.invoke(Method.java:578)
	at org.springframework.web.method.support.InvocableHandlerMethod.doInvoke(InvocableHandlerMethod.java:207)
	at org.springframework.web.method.support.InvocableHandlerMethod.invokeForRequest(InvocableHandlerMethod.java:152)
	at org.springframework.web.servlet.mvc.method.annotation.ServletInvocableHandlerMethod.invokeAndHandle(ServletInvocableHandlerMethod.java:117)
	at org.springframework.web.servlet.mvc.method.annotation.RequestMappingHandlerAdapter.invokeHandlerMethod(RequestMappingHandlerAdapter.java:884)
	at org.springframework.web.servlet.mvc.method.annotation.RequestMappingHandlerAdapter.handleInternal(RequestMappingHandlerAdapter.java:797)
	at org.springframework.web.servlet.mvc.method.AbstractHandlerMethodAdapter.handle(AbstractHandlerMethodAdapter.java:87)
	at org.springframework.web.servlet.DispatcherServlet.doDispatch(DispatcherServlet.java:1080)
	at org.springframework.web.servlet.DispatcherServlet.doService(DispatcherServlet.java:973)
	at org.springframework.web.servlet.FrameworkServlet.processRequest(FrameworkServlet.java:1011)
	at org.springframework.web.servlet.FrameworkServlet.doGet(FrameworkServlet.java:903)
	at jakarta.servlet.http.HttpServlet.service(HttpServlet.java:705)
	at org.springframework.web.servlet.FrameworkServlet.service(FrameworkServlet.java:885)
	at jakarta.servlet.http.HttpServlet.service(HttpServlet.java:814)
	at org.apache.catalina.core.ApplicationFilterChain.internalDoFilter(ApplicationFilterChain.java:223)
	at org.apache.catalina.core.ApplicationFilterChain.doFilter(ApplicationFilterChain.java:158)
	at org.apache.tomcat.websocket.server.WsFilter.doFilter(WsFilter.java:53)
	at org.apache.catalina.core.ApplicationFilterChain.internalDoFilter(ApplicationFilterChain.java:185)
	at org.apache.catalina.core.ApplicationFilterChain.doFilter(ApplicationFilterChain.java:158)
	at org.springframework.web.filter.RequestContextFilter.doFilterInternal(RequestContextFilter.java:100)
	at org.springframework.web.filter.OncePerRequestFilter.doFilter(OncePerRequestFilter.java:116)
	at org.apache.catalina.core.ApplicationFilterChain.internalDoFilter(ApplicationFilterChain.java:185)
	at org.apache.catalina.core.ApplicationFilterChain.doFilter(ApplicationFilterChain.java:158)
	at org.springframework.web.filter.FormContentFilter.doFilterInternal(FormContentFilter.java:93)
	at org.springframework.web.filter.OncePerRequestFilter.doFilter(OncePerRequestFilter.java:116)
	at org.apache.catalina.core.ApplicationFilterChain.internalDoFilter(ApplicationFilterChain.java:185)
	at org.apache.catalina.core.ApplicationFilterChain.doFilter(ApplicationFilterChain.java:158)
	at org.springframework.web.filter.CharacterEncodingFilter.doFilterInternal(CharacterEncodingFilter.java:201)
	at org.springframework.web.filter.OncePerRequestFilter.doFilter(OncePerRequestFilter.java:116)
	at org.apache.catalina.core.ApplicationFilterChain.internalDoFilter(ApplicationFilterChain.java:185)
	at org.apache.catalina.core.ApplicationFilterChain.doFilter(ApplicationFilterChain.java:158)
	at org.apache.catalina.core.StandardWrapperValve.invoke(StandardWrapperValve.java:177)
	at org.apache.catalina.core.StandardContextValve.invoke(StandardContextValve.java:97)
	at org.apache.catalina.authenticator.AuthenticatorBase.invoke(AuthenticatorBase.java:542)
	at org.apache.catalina.core.StandardHostValve.invoke(StandardHostValve.java:119)
	at org.apache.catalina.valves.ErrorReportValve.invoke(ErrorReportValve.java:92)
	at org.apache.catalina.core.StandardEngineValve.invoke(StandardEngineValve.java:78)
	at org.apache.catalina.connector.CoyoteAdapter.service(CoyoteAdapter.java:357)
	at org.apache.coyote.http11.Http11Processor.service(Http11Processor.java:400)
	at org.apache.coyote.AbstractProcessorLight.process(AbstractProcessorLight.java:65)
	at org.apache.coyote.AbstractProtocol$ConnectionHandler.process(AbstractProtocol.java:859)
	at org.apache.tomcat.util.net.NioEndpoint$SocketProcessor.doRun(NioEndpoint.java:1734)
	at org.apache.tomcat.util.net.SocketProcessorBase.run(SocketProcessorBase.java:52)
	at org.apache.tomcat.util.threads.ThreadPoolExecutor.runWorker(ThreadPoolExecutor.java:1191)
	at org.apache.tomcat.util.threads.ThreadPoolExecutor$Worker.run(ThreadPoolExecutor.java:659)
	at org.apache.tomcat.util.threads.TaskThread$WrappingRunnable.run(TaskThread.java:61)
	at java.base/java.lang.Thread.run(Thread.java:1589)
2023-01-31 00:32:28,112 [INFO] org.mongodb.driver.cluster [cluster-ClusterId{value='63d814018be4d45489b3d22c', description='null'}-ac-gt72mmj-shard-00-01.0ps1ymn.mongodb.net:27017] Exception in monitor thread while connecting to server ac-gt72mmj-shard-00-01.0ps1ymn.mongodb.net:27017
com.mongodb.MongoSocketOpenException: Exception opening socket
	at com.mongodb.internal.connection.SocketStream.open(SocketStream.java:73)
	at com.mongodb.internal.connection.InternalStreamConnection.open(InternalStreamConnection.java:183)
	at com.mongodb.internal.connection.DefaultServerMonitor$ServerMonitorRunnable.lookupServerDescription(DefaultServerMonitor.java:198)
	at com.mongodb.internal.connection.DefaultServerMonitor$ServerMonitorRunnable.run(DefaultServerMonitor.java:158)
	at java.base/java.lang.Thread.run(Thread.java:1589)
Caused by: java.net.SocketTimeoutException: Connect timed out
	at java.base/sun.nio.ch.NioSocketImpl.timedFinishConnect(NioSocketImpl.java:539)
	at java.base/sun.nio.ch.NioSocketImpl.connect(NioSocketImpl.java:585)
	at java.base/java.net.SocksSocketImpl.connect(SocksSocketImpl.java:327)
	at java.base/java.net.Socket.connect(Socket.java:666)
	at java.base/sun.security.ssl.SSLSocketImpl.connect(SSLSocketImpl.java:304)
	at com.mongodb.internal.connection.SocketStreamHelper.initialize(SocketStreamHelper.java:107)
	at com.mongodb.internal.connection.SocketStream.initializeSocket(SocketStream.java:82)
	at com.mongodb.internal.connection.SocketStream.open(SocketStream.java:68)
	... 4 common frames omitted
2023-01-31 00:32:34,773 [INFO] org.mongodb.driver.cluster [cluster-ClusterId{value='63d814018be4d45489b3d22c', description='null'}-ac-gt72mmj-shard-00-02.0ps1ymn.mongodb.net:27017] Exception in monitor thread while connecting to server ac-gt72mmj-shard-00-02.0ps1ymn.mongodb.net:27017
com.mongodb.MongoSocketReadTimeoutException: Timeout while receiving message
	at com.mongodb.internal.connection.InternalStreamConnection.translateReadException(InternalStreamConnection.java:699)
	at com.mongodb.internal.connection.InternalStreamConnection.receiveMessageWithAdditionalTimeout(InternalStreamConnection.java:577)
	at com.mongodb.internal.connection.InternalStreamConnection.receiveCommandMessageResponse(InternalStreamConnection.java:413)
	at com.mongodb.internal.connection.InternalStreamConnection.sendAndReceive(InternalStreamConnection.java:340)
	at com.mongodb.internal.connection.CommandHelper.sendAndReceive(CommandHelper.java:104)
	at com.mongodb.internal.connection.CommandHelper.executeCommand(CommandHelper.java:48)
	at com.mongodb.internal.connection.InternalStreamConnectionInitializer.initializeConnectionDescription(InternalStreamConnectionInitializer.java:134)
	at com.mongodb.internal.connection.InternalStreamConnectionInitializer.startHandshake(InternalStreamConnectionInitializer.java:76)
	at com.mongodb.internal.connection.InternalStreamConnection.open(InternalStreamConnection.java:185)
	at com.mongodb.internal.connection.DefaultServerMonitor$ServerMonitorRunnable.lookupServerDescription(DefaultServerMonitor.java:198)
	at com.mongodb.internal.connection.DefaultServerMonitor$ServerMonitorRunnable.run(DefaultServerMonitor.java:158)
	at java.base/java.lang.Thread.run(Thread.java:1589)
Caused by: java.net.SocketTimeoutException: Read timed out
	at java.base/sun.nio.ch.NioSocketImpl.timedRead(NioSocketImpl.java:273)
	at java.base/sun.nio.ch.NioSocketImpl.implRead(NioSocketImpl.java:299)
	at java.base/sun.nio.ch.NioSocketImpl.read(NioSocketImpl.java:340)
	at java.base/sun.nio.ch.NioSocketImpl$1.read(NioSocketImpl.java:789)
	at java.base/java.net.Socket$SocketInputStream.read(Socket.java:1025)
	at java.base/sun.security.ssl.SSLSocketInputRecord.read(SSLSocketInputRecord.java:483)
	at java.base/sun.security.ssl.SSLSocketInputRecord.readHeader(SSLSocketInputRecord.java:477)
	at java.base/sun.security.ssl.SSLSocketInputRecord.bytesInCompletePacket(SSLSocketInputRecord.java:70)
	at java.base/sun.security.ssl.SSLSocketImpl.readApplicationRecord(SSLSocketImpl.java:1465)
	at java.base/sun.security.ssl.SSLSocketImpl$AppInputStream.read(SSLSocketImpl.java:1069)
	at com.mongodb.internal.connection.SocketStream.read(SocketStream.java:113)
	at com.mongodb.internal.connection.SocketStream.read(SocketStream.java:138)
	at com.mongodb.internal.connection.InternalStreamConnection.receiveResponseBuffers(InternalStreamConnection.java:716)
	at com.mongodb.internal.connection.InternalStreamConnection.receiveMessageWithAdditionalTimeout(InternalStreamConnection.java:574)
	... 10 common frames omitted
2023-01-31 00:32:39,210 [INFO] org.mongodb.driver.cluster [cluster-ClusterId{value='63d814018be4d45489b3d22c', description='null'}-ac-gt72mmj-shard-00-01.0ps1ymn.mongodb.net:27017] Monitor thread successfully connected to server with description ServerDescription{address=ac-gt72mmj-shard-00-01.0ps1ymn.mongodb.net:27017, type=REPLICA_SET_PRIMARY, state=CONNECTED, ok=true, minWireVersion=0, maxWireVersion=13, maxDocumentSize=16777216, logicalSessionTimeoutMinutes=30, roundTripTimeNanos=45813700, setName='atlas-13b26u-shard-0', canonicalAddress=ac-gt72mmj-shard-00-01.0ps1ymn.mongodb.net:27017, hosts=[ac-gt72mmj-shard-00-01.0ps1ymn.mongodb.net:27017, ac-gt72mmj-shard-00-02.0ps1ymn.mongodb.net:27017, ac-gt72mmj-shard-00-00.0ps1ymn.mongodb.net:27017], passives=[], arbiters=[], primary='ac-gt72mmj-shard-00-01.0ps1ymn.mongodb.net:27017', tagSet=TagSet{[Tag{name='nodeType', value='ELECTABLE'}, Tag{name='provider', value='AWS'}, Tag{name='region', value='AP_SOUTH_1'}, Tag{name='workloadType', value='OPERATIONAL'}]}, electionId=7fffffff00000000000000e3, setVersion=4, topologyVersion=TopologyVersion{processId=63d80effea80847d1a03e0f8, counter=6}, lastWriteDate=Tue Jan 31 00:32:38 IST 2023, lastUpdateTimeNanos=788168497400}
2023-01-31 00:32:39,210 [INFO] org.mongodb.driver.cluster [cluster-ClusterId{value='63d814018be4d45489b3d22c', description='null'}-ac-gt72mmj-shard-00-01.0ps1ymn.mongodb.net:27017] Discovered replica set primary ac-gt72mmj-shard-00-01.0ps1ymn.mongodb.net:27017 with max election id 7fffffff00000000000000e3 and max set version 4
2023-01-31 00:32:44,782 [INFO] org.mongodb.driver.cluster [cluster-ClusterId{value='63d814018be4d45489b3d22c', description='null'}-ac-gt72mmj-shard-00-02.0ps1ymn.mongodb.net:27017] Exception in monitor thread while connecting to server ac-gt72mmj-shard-00-02.0ps1ymn.mongodb.net:27017
com.mongodb.MongoSocketException: No such host is known (ac-gt72mmj-shard-00-02.0ps1ymn.mongodb.net)
	at com.mongodb.ServerAddress.getSocketAddresses(ServerAddress.java:217)
	at com.mongodb.internal.connection.SocketStream.initializeSocket(SocketStream.java:78)
	at com.mongodb.internal.connection.SocketStream.open(SocketStream.java:68)
	at com.mongodb.internal.connection.InternalStreamConnection.open(InternalStreamConnection.java:183)
	at com.mongodb.internal.connection.DefaultServerMonitor$ServerMonitorRunnable.lookupServerDescription(DefaultServerMonitor.java:198)
	at com.mongodb.internal.connection.DefaultServerMonitor$ServerMonitorRunnable.run(DefaultServerMonitor.java:158)
	at java.base/java.lang.Thread.run(Thread.java:1589)
Caused by: java.net.UnknownHostException: No such host is known (ac-gt72mmj-shard-00-02.0ps1ymn.mongodb.net)
	at java.base/java.net.Inet6AddressImpl.lookupAllHostAddr(Native Method)
	at java.base/java.net.Inet6AddressImpl.lookupAllHostAddr(Inet6AddressImpl.java:52)
	at java.base/java.net.InetAddress$PlatformResolver.lookupByName(InetAddress.java:1059)
	at java.base/java.net.InetAddress.getAddressesFromNameService(InetAddress.java:1673)
	at java.base/java.net.InetAddress$NameServiceAddresses.get(InetAddress.java:1003)
	at java.base/java.net.InetAddress.getAllByName0(InetAddress.java:1663)
	at java.base/java.net.InetAddress.getAllByName(InetAddress.java:1528)
	at com.mongodb.ServerAddress.getSocketAddresses(ServerAddress.java:209)
	... 6 common frames omitted
2023-01-31 00:32:55,016 [INFO] org.mongodb.driver.cluster [cluster-ClusterId{value='63d814018be4d45489b3d22c', description='null'}-ac-gt72mmj-shard-00-02.0ps1ymn.mongodb.net:27017] Monitor thread successfully connected to server with description ServerDescription{address=ac-gt72mmj-shard-00-02.0ps1ymn.mongodb.net:27017, type=REPLICA_SET_SECONDARY, state=CONNECTED, ok=true, minWireVersion=0, maxWireVersion=13, maxDocumentSize=16777216, logicalSessionTimeoutMinutes=30, roundTripTimeNanos=93030900, setName='atlas-13b26u-shard-0', canonicalAddress=ac-gt72mmj-shard-00-02.0ps1ymn.mongodb.net:27017, hosts=[ac-gt72mmj-shard-00-01.0ps1ymn.mongodb.net:27017, ac-gt72mmj-shard-00-02.0ps1ymn.mongodb.net:27017, ac-gt72mmj-shard-00-00.0ps1ymn.mongodb.net:27017], passives=[], arbiters=[], primary='ac-gt72mmj-shard-00-01.0ps1ymn.mongodb.net:27017', tagSet=TagSet{[Tag{name='nodeType', value='ELECTABLE'}, Tag{name='provider', value='AWS'}, Tag{name='region', value='AP_SOUTH_1'}, Tag{name='workloadType', value='OPERATIONAL'}]}, electionId=null, setVersion=4, topologyVersion=TopologyVersion{processId=63d8101155efeecf2fb78440, counter=3}, lastWriteDate=Tue Jan 31 00:32:54 IST 2023, lastUpdateTimeNanos=803974546500}
2023-01-31 00:33:15,223 [INFO] com.example.saveUser.SaveUserApplication [restartedMain] Starting SaveUserApplication using Java 19.0.2 with PID 7372 (D:\Project\java\spring-user-management\build\classes\java\main started by ranja in D:\Project\java\spring-user-management)
2023-01-31 00:33:15,225 [DEBUG] com.example.saveUser.SaveUserApplication [restartedMain] Running with Spring Boot v3.0.2, Spring v6.0.4
2023-01-31 00:33:15,226 [INFO] com.example.saveUser.SaveUserApplication [restartedMain] No active profile set, falling back to 1 default profile: "default"
2023-01-31 00:33:15,279 [INFO] org.springframework.boot.devtools.env.DevToolsPropertyDefaultsPostProcessor [restartedMain] Devtools property defaults active! Set 'spring.devtools.add-properties' to 'false' to disable
2023-01-31 00:33:15,280 [INFO] org.springframework.boot.devtools.env.DevToolsPropertyDefaultsPostProcessor [restartedMain] For additional web related logging consider setting the 'logging.level.web' property to 'DEBUG'
2023-01-31 00:33:15,931 [INFO] org.springframework.data.repository.config.RepositoryConfigurationDelegate [restartedMain] Bootstrapping Spring Data MongoDB repositories in DEFAULT mode.
2023-01-31 00:33:16,063 [INFO] org.springframework.data.repository.config.RepositoryConfigurationDelegate [restartedMain] Finished Spring Data repository scanning in 127 ms. Found 1 MongoDB repository interfaces.
2023-01-31 00:33:16,691 [INFO] org.springframework.boot.web.embedded.tomcat.TomcatWebServer [restartedMain] Tomcat initialized with port(s): 3000 (http)
2023-01-31 00:33:16,700 [INFO] org.apache.catalina.core.StandardService [restartedMain] Starting service [Tomcat]
2023-01-31 00:33:16,701 [INFO] org.apache.catalina.core.StandardEngine [restartedMain] Starting Servlet engine: [Apache Tomcat/10.1.5]
2023-01-31 00:33:16,753 [INFO] org.apache.catalina.core.ContainerBase.[Tomcat].[localhost].[/] [restartedMain] Initializing Spring embedded WebApplicationContext
2023-01-31 00:33:16,753 [INFO] org.springframework.boot.web.servlet.context.ServletWebServerApplicationContext [restartedMain] Root WebApplicationContext: initialization completed in 1473 ms
2023-01-31 00:33:16,911 [INFO] org.mongodb.driver.cluster [cluster-ClusterId{value='63d814747801ed658b63c18f', description='null'}-srv-cluster0.0ps1ymn.mongodb.net] Adding discovered server ac-gt72mmj-shard-00-00.0ps1ymn.mongodb.net:27017 to client view of cluster
2023-01-31 00:33:16,931 [INFO] org.mongodb.driver.client [restartedMain] MongoClient with metadata {"driver": {"name": "mongo-java-driver|sync|spring-boot", "version": "4.8.2"}, "os": {"type": "Windows", "name": "Windows 11", "architecture": "amd64", "version": "10.0"}, "platform": "Java/Oracle Corporation/19.0.2+7-44"} created with settings MongoClientSettings{readPreference=primary, writeConcern=WriteConcern{w=null, wTimeout=null ms, journal=null}, retryWrites=true, retryReads=true, readConcern=ReadConcern{level=null}, credential=MongoCredential{mechanism=null, userName='spacespider', source='admin', password=<hidden>, mechanismProperties=<hidden>}, streamFactoryFactory=null, commandListeners=[], codecRegistry=ProvidersCodecRegistry{codecProviders=[ValueCodecProvider{}, BsonValueCodecProvider{}, DBRefCodecProvider{}, DBObjectCodecProvider{}, DocumentCodecProvider{}, CollectionCodecProvider{}, IterableCodecProvider{}, MapCodecProvider{}, GeoJsonCodecProvider{}, GridFSFileCodecProvider{}, Jsr310CodecProvider{}, JsonObjectCodecProvider{}, BsonCodecProvider{}, EnumCodecProvider{}, com.mongodb.Jep395RecordCodecProvider@695f5ade]}, clusterSettings={hosts=[127.0.0.1:27017], srvHost=cluster0.0ps1ymn.mongodb.net, srvServiceName=mongodb, mode=MULTIPLE, requiredClusterType=REPLICA_SET, requiredReplicaSetName='atlas-13b26u-shard-0', serverSelector='null', clusterListeners='[]', serverSelectionTimeout='30000 ms', localThreshold='30000 ms'}, socketSettings=SocketSettings{connectTimeoutMS=10000, readTimeoutMS=0, receiveBufferSize=0, sendBufferSize=0}, heartbeatSocketSettings=SocketSettings{connectTimeoutMS=10000, readTimeoutMS=10000, receiveBufferSize=0, sendBufferSize=0}, connectionPoolSettings=ConnectionPoolSettings{maxSize=100, minSize=0, maxWaitTimeMS=120000, maxConnectionLifeTimeMS=0, maxConnectionIdleTimeMS=0, maintenanceInitialDelayMS=0, maintenanceFrequencyMS=60000, connectionPoolListeners=[], maxConnecting=2}, serverSettings=ServerSettings{heartbeatFrequencyMS=10000, minHeartbeatFrequencyMS=500, serverListeners='[]', serverMonitorListeners='[]'}, sslSettings=SslSettings{enabled=true, invalidHostNameAllowed=false, context=null}, applicationName='null', compressorList=[], uuidRepresentation=JAVA_LEGACY, serverApi=null, autoEncryptionSettings=null, contextProvider=null}
2023-01-31 00:33:16,943 [INFO] org.mongodb.driver.cluster [cluster-ClusterId{value='63d814747801ed658b63c18f', description='null'}-srv-cluster0.0ps1ymn.mongodb.net] Adding discovered server ac-gt72mmj-shard-00-02.0ps1ymn.mongodb.net:27017 to client view of cluster
2023-01-31 00:33:16,944 [INFO] org.mongodb.driver.cluster [cluster-ClusterId{value='63d814747801ed658b63c18f', description='null'}-srv-cluster0.0ps1ymn.mongodb.net] Adding discovered server ac-gt72mmj-shard-00-01.0ps1ymn.mongodb.net:27017 to client view of cluster
2023-01-31 00:33:17,193 [INFO] org.springframework.boot.devtools.autoconfigure.OptionalLiveReloadServer [restartedMain] LiveReload server is running on port 35729
2023-01-31 00:33:17,483 [INFO] org.mongodb.driver.cluster [cluster-ClusterId{value='63d814747801ed658b63c18f', description='null'}-ac-gt72mmj-shard-00-01.0ps1ymn.mongodb.net:27017] Monitor thread successfully connected to server with description ServerDescription{address=ac-gt72mmj-shard-00-01.0ps1ymn.mongodb.net:27017, type=REPLICA_SET_PRIMARY, state=CONNECTED, ok=true, minWireVersion=0, maxWireVersion=13, maxDocumentSize=16777216, logicalSessionTimeoutMinutes=30, roundTripTimeNanos=289019200, setName='atlas-13b26u-shard-0', canonicalAddress=ac-gt72mmj-shard-00-01.0ps1ymn.mongodb.net:27017, hosts=[ac-gt72mmj-shard-00-01.0ps1ymn.mongodb.net:27017, ac-gt72mmj-shard-00-02.0ps1ymn.mongodb.net:27017, ac-gt72mmj-shard-00-00.0ps1ymn.mongodb.net:27017], passives=[], arbiters=[], primary='ac-gt72mmj-shard-00-01.0ps1ymn.mongodb.net:27017', tagSet=TagSet{[Tag{name='nodeType', value='ELECTABLE'}, Tag{name='provider', value='AWS'}, Tag{name='region', value='AP_SOUTH_1'}, Tag{name='workloadType', value='OPERATIONAL'}]}, electionId=7fffffff00000000000000e3, setVersion=4, topologyVersion=TopologyVersion{processId=63d80effea80847d1a03e0f8, counter=6}, lastWriteDate=Tue Jan 31 00:33:17 IST 2023, lastUpdateTimeNanos=826439000200}
2023-01-31 00:33:17,483 [INFO] org.mongodb.driver.cluster [cluster-ClusterId{value='63d814747801ed658b63c18f', description='null'}-ac-gt72mmj-shard-00-02.0ps1ymn.mongodb.net:27017] Monitor thread successfully connected to server with description ServerDescription{address=ac-gt72mmj-shard-00-02.0ps1ymn.mongodb.net:27017, type=REPLICA_SET_SECONDARY, state=CONNECTED, ok=true, minWireVersion=0, maxWireVersion=13, maxDocumentSize=16777216, logicalSessionTimeoutMinutes=30, roundTripTimeNanos=290617300, setName='atlas-13b26u-shard-0', canonicalAddress=ac-gt72mmj-shard-00-02.0ps1ymn.mongodb.net:27017, hosts=[ac-gt72mmj-shard-00-01.0ps1ymn.mongodb.net:27017, ac-gt72mmj-shard-00-02.0ps1ymn.mongodb.net:27017, ac-gt72mmj-shard-00-00.0ps1ymn.mongodb.net:27017], passives=[], arbiters=[], primary='ac-gt72mmj-shard-00-01.0ps1ymn.mongodb.net:27017', tagSet=TagSet{[Tag{name='nodeType', value='ELECTABLE'}, Tag{name='provider', value='AWS'}, Tag{name='region', value='AP_SOUTH_1'}, Tag{name='workloadType', value='OPERATIONAL'}]}, electionId=null, setVersion=4, topologyVersion=TopologyVersion{processId=63d8101155efeecf2fb78440, counter=3}, lastWriteDate=Tue Jan 31 00:33:17 IST 2023, lastUpdateTimeNanos=826439157100}
2023-01-31 00:33:17,483 [INFO] org.mongodb.driver.cluster [cluster-ClusterId{value='63d814747801ed658b63c18f', description='null'}-ac-gt72mmj-shard-00-00.0ps1ymn.mongodb.net:27017] Monitor thread successfully connected to server with description ServerDescription{address=ac-gt72mmj-shard-00-00.0ps1ymn.mongodb.net:27017, type=REPLICA_SET_SECONDARY, state=CONNECTED, ok=true, minWireVersion=0, maxWireVersion=13, maxDocumentSize=16777216, logicalSessionTimeoutMinutes=30, roundTripTimeNanos=289643300, setName='atlas-13b26u-shard-0', canonicalAddress=ac-gt72mmj-shard-00-00.0ps1ymn.mongodb.net:27017, hosts=[ac-gt72mmj-shard-00-01.0ps1ymn.mongodb.net:27017, ac-gt72mmj-shard-00-02.0ps1ymn.mongodb.net:27017, ac-gt72mmj-shard-00-00.0ps1ymn.mongodb.net:27017], passives=[], arbiters=[], primary='ac-gt72mmj-shard-00-01.0ps1ymn.mongodb.net:27017', tagSet=TagSet{[Tag{name='nodeType', value='ELECTABLE'}, Tag{name='provider', value='AWS'}, Tag{name='region', value='AP_SOUTH_1'}, Tag{name='workloadType', value='OPERATIONAL'}]}, electionId=null, setVersion=4, topologyVersion=TopologyVersion{processId=63d80dffe15cce74fc56473e, counter=4}, lastWriteDate=Tue Jan 31 00:33:17 IST 2023, lastUpdateTimeNanos=826439000100}
2023-01-31 00:33:17,487 [INFO] org.mongodb.driver.cluster [cluster-ClusterId{value='63d814747801ed658b63c18f', description='null'}-ac-gt72mmj-shard-00-01.0ps1ymn.mongodb.net:27017] Discovered replica set primary ac-gt72mmj-shard-00-01.0ps1ymn.mongodb.net:27017 with max election id 7fffffff00000000000000e3 and max set version 4
2023-01-31 00:33:17,944 [INFO] org.springframework.boot.web.embedded.tomcat.TomcatWebServer [restartedMain] Tomcat started on port(s): 3000 (http) with context path ''
2023-01-31 00:33:17,956 [INFO] com.example.saveUser.SaveUserApplication [restartedMain] Started SaveUserApplication in 3.155 seconds (process running for 3.604)
2023-01-31 00:33:25,264 [INFO] org.apache.catalina.core.ContainerBase.[Tomcat].[localhost].[/] [http-nio-3000-exec-1] Initializing Spring DispatcherServlet 'dispatcherServlet'
2023-01-31 00:33:25,264 [INFO] org.springframework.web.servlet.DispatcherServlet [http-nio-3000-exec-1] Initializing Servlet 'dispatcherServlet'
2023-01-31 00:33:25,265 [INFO] org.springframework.web.servlet.DispatcherServlet [http-nio-3000-exec-1] Completed initialization in 1 ms
2023-01-31 00:33:25,295 [TRACE] com.example.saveUser.controller.UserController [http-nio-3000-exec-1] getting all the users
2023-01-31 00:33:35,375 [INFO] org.mongodb.driver.cluster [http-nio-3000-exec-1] No server chosen by ReadPreferenceServerSelector{readPreference=primary} from cluster description ClusterDescription{type=REPLICA_SET, connectionMode=MULTIPLE, serverDescriptions=[ServerDescription{address=ac-gt72mmj-shard-00-01.0ps1ymn.mongodb.net:27017, type=UNKNOWN, state=CONNECTING, exception={com.mongodb.MongoSocketOpenException: Exception opening socket}, caused by {java.net.SocketTimeoutException: Connect timed out}}, ServerDescription{address=ac-gt72mmj-shard-00-00.0ps1ymn.mongodb.net:27017, type=REPLICA_SET_SECONDARY, state=CONNECTED, ok=true, minWireVersion=0, maxWireVersion=13, maxDocumentSize=16777216, logicalSessionTimeoutMinutes=30, roundTripTimeNanos=612496020, setName='atlas-13b26u-shard-0', canonicalAddress=ac-gt72mmj-shard-00-00.0ps1ymn.mongodb.net:27017, hosts=[ac-gt72mmj-shard-00-01.0ps1ymn.mongodb.net:27017, ac-gt72mmj-shard-00-02.0ps1ymn.mongodb.net:27017, ac-gt72mmj-shard-00-00.0ps1ymn.mongodb.net:27017], passives=[], arbiters=[], primary='ac-gt72mmj-shard-00-01.0ps1ymn.mongodb.net:27017', tagSet=TagSet{[Tag{name='nodeType', value='ELECTABLE'}, Tag{name='provider', value='AWS'}, Tag{name='region', value='AP_SOUTH_1'}, Tag{name='workloadType', value='OPERATIONAL'}]}, electionId=null, setVersion=4, topologyVersion=TopologyVersion{processId=63d80dffe15cce74fc56473e, counter=4}, lastWriteDate=Tue Jan 31 00:33:27 IST 2023, lastUpdateTimeNanos=836723131800}, ServerDescription{address=ac-gt72mmj-shard-00-02.0ps1ymn.mongodb.net:27017, type=REPLICA_SET_SECONDARY, state=CONNECTED, ok=true, minWireVersion=0, maxWireVersion=13, maxDocumentSize=16777216, logicalSessionTimeoutMinutes=30, roundTripTimeNanos=599759760, setName='atlas-13b26u-shard-0', canonicalAddress=ac-gt72mmj-shard-00-02.0ps1ymn.mongodb.net:27017, hosts=[ac-gt72mmj-shard-00-01.0ps1ymn.mongodb.net:27017, ac-gt72mmj-shard-00-02.0ps1ymn.mongodb.net:27017, ac-gt72mmj-shard-00-00.0ps1ymn.mongodb.net:27017], passives=[], arbiters=[], primary='ac-gt72mmj-shard-00-01.0ps1ymn.mongodb.net:27017', tagSet=TagSet{[Tag{name='nodeType', value='ELECTABLE'}, Tag{name='provider', value='AWS'}, Tag{name='region', value='AP_SOUTH_1'}, Tag{name='workloadType', value='OPERATIONAL'}]}, electionId=null, setVersion=4, topologyVersion=TopologyVersion{processId=63d8101155efeecf2fb78440, counter=3}, lastWriteDate=Tue Jan 31 00:33:27 IST 2023, lastUpdateTimeNanos=836721991500}]}. Waiting for 30000 ms before timing out
2023-01-31 00:33:45,884 [INFO] org.mongodb.driver.cluster [cluster-ClusterId{value='63d814747801ed658b63c18f', description='null'}-ac-gt72mmj-shard-00-01.0ps1ymn.mongodb.net:27017] Exception in monitor thread while connecting to server ac-gt72mmj-shard-00-01.0ps1ymn.mongodb.net:27017
com.mongodb.MongoSocketOpenException: Exception opening socket
	at com.mongodb.internal.connection.SocketStream.open(SocketStream.java:73)
	at com.mongodb.internal.connection.InternalStreamConnection.open(InternalStreamConnection.java:183)
	at com.mongodb.internal.connection.DefaultServerMonitor$ServerMonitorRunnable.lookupServerDescription(DefaultServerMonitor.java:198)
	at com.mongodb.internal.connection.DefaultServerMonitor$ServerMonitorRunnable.run(DefaultServerMonitor.java:158)
	at java.base/java.lang.Thread.run(Thread.java:1589)
Caused by: java.net.SocketTimeoutException: Connect timed out
	at java.base/sun.nio.ch.NioSocketImpl.timedFinishConnect(NioSocketImpl.java:539)
	at java.base/sun.nio.ch.NioSocketImpl.connect(NioSocketImpl.java:585)
	at java.base/java.net.SocksSocketImpl.connect(SocksSocketImpl.java:327)
	at java.base/java.net.Socket.connect(Socket.java:666)
	at java.base/sun.security.ssl.SSLSocketImpl.connect(SSLSocketImpl.java:304)
	at com.mongodb.internal.connection.SocketStreamHelper.initialize(SocketStreamHelper.java:107)
	at com.mongodb.internal.connection.SocketStream.initializeSocket(SocketStream.java:82)
	at com.mongodb.internal.connection.SocketStream.open(SocketStream.java:68)
	... 4 common frames omitted
2023-01-31 00:33:49,473 [INFO] org.mongodb.driver.cluster [cluster-ClusterId{value='63d814747801ed658b63c18f', description='null'}-ac-gt72mmj-shard-00-01.0ps1ymn.mongodb.net:27017] Monitor thread successfully connected to server with description ServerDescription{address=ac-gt72mmj-shard-00-01.0ps1ymn.mongodb.net:27017, type=REPLICA_SET_PRIMARY, state=CONNECTED, ok=true, minWireVersion=0, maxWireVersion=13, maxDocumentSize=16777216, logicalSessionTimeoutMinutes=30, roundTripTimeNanos=55506800, setName='atlas-13b26u-shard-0', canonicalAddress=ac-gt72mmj-shard-00-01.0ps1ymn.mongodb.net:27017, hosts=[ac-gt72mmj-shard-00-01.0ps1ymn.mongodb.net:27017, ac-gt72mmj-shard-00-02.0ps1ymn.mongodb.net:27017, ac-gt72mmj-shard-00-00.0ps1ymn.mongodb.net:27017], passives=[], arbiters=[], primary='ac-gt72mmj-shard-00-01.0ps1ymn.mongodb.net:27017', tagSet=TagSet{[Tag{name='nodeType', value='ELECTABLE'}, Tag{name='provider', value='AWS'}, Tag{name='region', value='AP_SOUTH_1'}, Tag{name='workloadType', value='OPERATIONAL'}]}, electionId=7fffffff00000000000000e3, setVersion=4, topologyVersion=TopologyVersion{processId=63d80effea80847d1a03e0f8, counter=6}, lastWriteDate=Tue Jan 31 00:33:49 IST 2023, lastUpdateTimeNanos=858431600300}
2023-01-31 00:33:49,474 [INFO] org.mongodb.driver.cluster [cluster-ClusterId{value='63d814747801ed658b63c18f', description='null'}-ac-gt72mmj-shard-00-01.0ps1ymn.mongodb.net:27017] Discovered replica set primary ac-gt72mmj-shard-00-01.0ps1ymn.mongodb.net:27017 with max election id 7fffffff00000000000000e3 and max set version 4
2023-01-31 00:34:17,042 [INFO] com.example.saveUser.SaveUserApplication [restartedMain] Starting SaveUserApplication using Java 19.0.2 with PID 13632 (D:\Project\java\spring-user-management\build\classes\java\main started by ranja in D:\Project\java\spring-user-management)
2023-01-31 00:34:17,043 [DEBUG] com.example.saveUser.SaveUserApplication [restartedMain] Running with Spring Boot v3.0.2, Spring v6.0.4
2023-01-31 00:34:17,044 [INFO] com.example.saveUser.SaveUserApplication [restartedMain] No active profile set, falling back to 1 default profile: "default"
2023-01-31 00:34:17,098 [INFO] org.springframework.boot.devtools.env.DevToolsPropertyDefaultsPostProcessor [restartedMain] Devtools property defaults active! Set 'spring.devtools.add-properties' to 'false' to disable
2023-01-31 00:34:17,099 [INFO] org.springframework.boot.devtools.env.DevToolsPropertyDefaultsPostProcessor [restartedMain] For additional web related logging consider setting the 'logging.level.web' property to 'DEBUG'
2023-01-31 00:34:17,751 [INFO] org.springframework.data.repository.config.RepositoryConfigurationDelegate [restartedMain] Bootstrapping Spring Data MongoDB repositories in DEFAULT mode.
2023-01-31 00:34:17,870 [INFO] org.springframework.data.repository.config.RepositoryConfigurationDelegate [restartedMain] Finished Spring Data repository scanning in 114 ms. Found 1 MongoDB repository interfaces.
2023-01-31 00:34:18,406 [INFO] org.springframework.boot.web.embedded.tomcat.TomcatWebServer [restartedMain] Tomcat initialized with port(s): 3000 (http)
2023-01-31 00:34:18,416 [INFO] org.apache.catalina.core.StandardService [restartedMain] Starting service [Tomcat]
2023-01-31 00:34:18,416 [INFO] org.apache.catalina.core.StandardEngine [restartedMain] Starting Servlet engine: [Apache Tomcat/10.1.5]
2023-01-31 00:34:18,491 [INFO] org.apache.catalina.core.ContainerBase.[Tomcat].[localhost].[/] [restartedMain] Initializing Spring embedded WebApplicationContext
2023-01-31 00:34:18,491 [INFO] org.springframework.boot.web.servlet.context.ServletWebServerApplicationContext [restartedMain] Root WebApplicationContext: initialization completed in 1392 ms
2023-01-31 00:34:18,680 [INFO] org.mongodb.driver.cluster [cluster-ClusterId{value='63d814b283f938207518556b', description='null'}-srv-cluster0.0ps1ymn.mongodb.net] Adding discovered server ac-gt72mmj-shard-00-00.0ps1ymn.mongodb.net:27017 to client view of cluster
2023-01-31 00:34:18,697 [INFO] org.mongodb.driver.client [restartedMain] MongoClient with metadata {"driver": {"name": "mongo-java-driver|sync|spring-boot", "version": "4.8.2"}, "os": {"type": "Windows", "name": "Windows 11", "architecture": "amd64", "version": "10.0"}, "platform": "Java/Oracle Corporation/19.0.2+7-44"} created with settings MongoClientSettings{readPreference=primary, writeConcern=WriteConcern{w=null, wTimeout=null ms, journal=null}, retryWrites=true, retryReads=true, readConcern=ReadConcern{level=null}, credential=MongoCredential{mechanism=null, userName='spacespider', source='admin', password=<hidden>, mechanismProperties=<hidden>}, streamFactoryFactory=null, commandListeners=[], codecRegistry=ProvidersCodecRegistry{codecProviders=[ValueCodecProvider{}, BsonValueCodecProvider{}, DBRefCodecProvider{}, DBObjectCodecProvider{}, DocumentCodecProvider{}, CollectionCodecProvider{}, IterableCodecProvider{}, MapCodecProvider{}, GeoJsonCodecProvider{}, GridFSFileCodecProvider{}, Jsr310CodecProvider{}, JsonObjectCodecProvider{}, BsonCodecProvider{}, EnumCodecProvider{}, com.mongodb.Jep395RecordCodecProvider@35474da9]}, clusterSettings={hosts=[127.0.0.1:27017], srvHost=cluster0.0ps1ymn.mongodb.net, srvServiceName=mongodb, mode=MULTIPLE, requiredClusterType=REPLICA_SET, requiredReplicaSetName='atlas-13b26u-shard-0', serverSelector='null', clusterListeners='[]', serverSelectionTimeout='30000 ms', localThreshold='30000 ms'}, socketSettings=SocketSettings{connectTimeoutMS=10000, readTimeoutMS=0, receiveBufferSize=0, sendBufferSize=0}, heartbeatSocketSettings=SocketSettings{connectTimeoutMS=10000, readTimeoutMS=10000, receiveBufferSize=0, sendBufferSize=0}, connectionPoolSettings=ConnectionPoolSettings{maxSize=100, minSize=0, maxWaitTimeMS=120000, maxConnectionLifeTimeMS=0, maxConnectionIdleTimeMS=0, maintenanceInitialDelayMS=0, maintenanceFrequencyMS=60000, connectionPoolListeners=[], maxConnecting=2}, serverSettings=ServerSettings{heartbeatFrequencyMS=10000, minHeartbeatFrequencyMS=500, serverListeners='[]', serverMonitorListeners='[]'}, sslSettings=SslSettings{enabled=true, invalidHostNameAllowed=false, context=null}, applicationName='null', compressorList=[], uuidRepresentation=JAVA_LEGACY, serverApi=null, autoEncryptionSettings=null, contextProvider=null}
2023-01-31 00:34:18,703 [INFO] org.mongodb.driver.cluster [cluster-ClusterId{value='63d814b283f938207518556b', description='null'}-srv-cluster0.0ps1ymn.mongodb.net] Adding discovered server ac-gt72mmj-shard-00-01.0ps1ymn.mongodb.net:27017 to client view of cluster
2023-01-31 00:34:18,704 [INFO] org.mongodb.driver.cluster [cluster-ClusterId{value='63d814b283f938207518556b', description='null'}-srv-cluster0.0ps1ymn.mongodb.net] Adding discovered server ac-gt72mmj-shard-00-02.0ps1ymn.mongodb.net:27017 to client view of cluster
2023-01-31 00:34:18,907 [INFO] org.springframework.boot.devtools.autoconfigure.OptionalLiveReloadServer [restartedMain] LiveReload server is running on port 35729
2023-01-31 00:34:19,174 [INFO] org.mongodb.driver.cluster [cluster-ClusterId{value='63d814b283f938207518556b', description='null'}-ac-gt72mmj-shard-00-02.0ps1ymn.mongodb.net:27017] Monitor thread successfully connected to server with description ServerDescription{address=ac-gt72mmj-shard-00-02.0ps1ymn.mongodb.net:27017, type=REPLICA_SET_SECONDARY, state=CONNECTED, ok=true, minWireVersion=0, maxWireVersion=13, maxDocumentSize=16777216, logicalSessionTimeoutMinutes=30, roundTripTimeNanos=283741300, setName='atlas-13b26u-shard-0', canonicalAddress=ac-gt72mmj-shard-00-02.0ps1ymn.mongodb.net:27017, hosts=[ac-gt72mmj-shard-00-01.0ps1ymn.mongodb.net:27017, ac-gt72mmj-shard-00-02.0ps1ymn.mongodb.net:27017, ac-gt72mmj-shard-00-00.0ps1ymn.mongodb.net:27017], passives=[], arbiters=[], primary='ac-gt72mmj-shard-00-01.0ps1ymn.mongodb.net:27017', tagSet=TagSet{[Tag{name='nodeType', value='ELECTABLE'}, Tag{name='provider', value='AWS'}, Tag{name='region', value='AP_SOUTH_1'}, Tag{name='workloadType', value='OPERATIONAL'}]}, electionId=null, setVersion=4, topologyVersion=TopologyVersion{processId=63d8101155efeecf2fb78440, counter=3}, lastWriteDate=Tue Jan 31 00:34:18 IST 2023, lastUpdateTimeNanos=888130407000}
2023-01-31 00:34:19,174 [INFO] org.mongodb.driver.cluster [cluster-ClusterId{value='63d814b283f938207518556b', description='null'}-ac-gt72mmj-shard-00-00.0ps1ymn.mongodb.net:27017] Monitor thread successfully connected to server with description ServerDescription{address=ac-gt72mmj-shard-00-00.0ps1ymn.mongodb.net:27017, type=REPLICA_SET_SECONDARY, state=CONNECTED, ok=true, minWireVersion=0, maxWireVersion=13, maxDocumentSize=16777216, logicalSessionTimeoutMinutes=30, roundTripTimeNanos=283887800, setName='atlas-13b26u-shard-0', canonicalAddress=ac-gt72mmj-shard-00-00.0ps1ymn.mongodb.net:27017, hosts=[ac-gt72mmj-shard-00-01.0ps1ymn.mongodb.net:27017, ac-gt72mmj-shard-00-02.0ps1ymn.mongodb.net:27017, ac-gt72mmj-shard-00-00.0ps1ymn.mongodb.net:27017], passives=[], arbiters=[], primary='ac-gt72mmj-shard-00-01.0ps1ymn.mongodb.net:27017', tagSet=TagSet{[Tag{name='nodeType', value='ELECTABLE'}, Tag{name='provider', value='AWS'}, Tag{name='region', value='AP_SOUTH_1'}, Tag{name='workloadType', value='OPERATIONAL'}]}, electionId=null, setVersion=4, topologyVersion=TopologyVersion{processId=63d80dffe15cce74fc56473e, counter=4}, lastWriteDate=Tue Jan 31 00:34:18 IST 2023, lastUpdateTimeNanos=888130537000}
2023-01-31 00:34:19,174 [INFO] org.mongodb.driver.cluster [cluster-ClusterId{value='63d814b283f938207518556b', description='null'}-ac-gt72mmj-shard-00-01.0ps1ymn.mongodb.net:27017] Monitor thread successfully connected to server with description ServerDescription{address=ac-gt72mmj-shard-00-01.0ps1ymn.mongodb.net:27017, type=REPLICA_SET_PRIMARY, state=CONNECTED, ok=true, minWireVersion=0, maxWireVersion=13, maxDocumentSize=16777216, logicalSessionTimeoutMinutes=30, roundTripTimeNanos=283883400, setName='atlas-13b26u-shard-0', canonicalAddress=ac-gt72mmj-shard-00-01.0ps1ymn.mongodb.net:27017, hosts=[ac-gt72mmj-shard-00-01.0ps1ymn.mongodb.net:27017, ac-gt72mmj-shard-00-02.0ps1ymn.mongodb.net:27017, ac-gt72mmj-shard-00-00.0ps1ymn.mongodb.net:27017], passives=[], arbiters=[], primary='ac-gt72mmj-shard-00-01.0ps1ymn.mongodb.net:27017', tagSet=TagSet{[Tag{name='nodeType', value='ELECTABLE'}, Tag{name='provider', value='AWS'}, Tag{name='region', value='AP_SOUTH_1'}, Tag{name='workloadType', value='OPERATIONAL'}]}, electionId=7fffffff00000000000000e3, setVersion=4, topologyVersion=TopologyVersion{processId=63d80effea80847d1a03e0f8, counter=6}, lastWriteDate=Tue Jan 31 00:34:18 IST 2023, lastUpdateTimeNanos=888130553400}
2023-01-31 00:34:19,179 [INFO] org.mongodb.driver.cluster [cluster-ClusterId{value='63d814b283f938207518556b', description='null'}-ac-gt72mmj-shard-00-01.0ps1ymn.mongodb.net:27017] Discovered replica set primary ac-gt72mmj-shard-00-01.0ps1ymn.mongodb.net:27017 with max election id 7fffffff00000000000000e3 and max set version 4
2023-01-31 00:34:19,607 [INFO] org.springframework.boot.web.embedded.tomcat.TomcatWebServer [restartedMain] Tomcat started on port(s): 3000 (http) with context path ''
2023-01-31 00:34:19,614 [INFO] com.example.saveUser.SaveUserApplication [restartedMain] Started SaveUserApplication in 2.978 seconds (process running for 3.414)
2023-01-31 00:34:23,389 [INFO] org.apache.catalina.core.ContainerBase.[Tomcat].[localhost].[/] [http-nio-3000-exec-2] Initializing Spring DispatcherServlet 'dispatcherServlet'
2023-01-31 00:34:23,389 [INFO] org.springframework.web.servlet.DispatcherServlet [http-nio-3000-exec-2] Initializing Servlet 'dispatcherServlet'
2023-01-31 00:34:23,390 [INFO] org.springframework.web.servlet.DispatcherServlet [http-nio-3000-exec-2] Completed initialization in 1 ms
2023-01-31 00:34:23,416 [TRACE] com.example.saveUser.controller.UserController [http-nio-3000-exec-2] getting all the users
